{"/Users/alcipir/Repos/bitcoin-abc/web/cashtab/src/index.js": {"path":"/Users/alcipir/Repos/bitcoin-abc/web/cashtab/src/index.js","statementMap":{"0":{"start":{"line":9,"column":0},"end":{"line":17,"column":2}},"1":{"start":{"line":19,"column":0},"end":{"line":23,"column":1}},"2":{"start":{"line":20,"column":4},"end":{"line":22,"column":6}},"3":{"start":{"line":21,"column":8},"end":{"line":21,"column":79}},"4":{"start":{"line":21,"column":74},"end":{"line":21,"column":78}},"5":{"start":{"line":25,"column":0},"end":{"line":27,"column":1}},"6":{"start":{"line":26,"column":4},"end":{"line":26,"column":24}}},"fnMap":{"0":{"name":"(anonymous_0)","decl":{"start":{"line":20,"column":36},"end":{"line":20,"column":37}},"loc":{"start":{"line":21,"column":8},"end":{"line":21,"column":79}},"line":21},"1":{"name":"(anonymous_1)","decl":{"start":{"line":21,"column":68},"end":{"line":21,"column":69}},"loc":{"start":{"line":21,"column":74},"end":{"line":21,"column":78}},"line":21}},"branchMap":{"0":{"loc":{"start":{"line":12,"column":13},"end":{"line":12,"column":45}},"type":"binary-expr","locations":[{"start":{"line":12,"column":13},"end":{"line":12,"column":22}},{"start":{"line":12,"column":26},"end":{"line":12,"column":45}}],"line":12},"1":{"loc":{"start":{"line":19,"column":0},"end":{"line":23,"column":1}},"type":"if","locations":[{"start":{"line":19,"column":0},"end":{"line":23,"column":1}},{"start":{"line":19,"column":0},"end":{"line":23,"column":1}}],"line":19},"2":{"loc":{"start":{"line":25,"column":0},"end":{"line":27,"column":1}},"type":"if","locations":[{"start":{"line":25,"column":0},"end":{"line":27,"column":1}},{"start":{"line":25,"column":0},"end":{"line":27,"column":1}}],"line":25}},"s":{"0":0,"1":0,"2":0,"3":0,"4":0,"5":0,"6":0},"f":{"0":0,"1":0},"b":{"0":[0,0],"1":[0,0],"2":[0,0]}}
,"/Users/alcipir/Repos/bitcoin-abc/web/cashtab/src/serviceWorker.js": {"path":"/Users/alcipir/Repos/bitcoin-abc/web/cashtab/src/serviceWorker.js","statementMap":{"0":{"start":{"line":1,"column":0},"end":{"line":3,"column":3}},"1":{"start":{"line":5,"column":0},"end":{"line":5,"column":27}},"2":{"start":{"line":6,"column":0},"end":{"line":6,"column":28}},"3":{"start":{"line":8,"column":24},"end":{"line":12,"column":1}},"4":{"start":{"line":14,"column":0},"end":{"line":52,"column":2}},"5":{"start":{"line":16,"column":8},"end":{"line":18,"column":9}},"6":{"start":{"line":17,"column":12},"end":{"line":17,"column":49}},"7":{"start":{"line":20,"column":8},"end":{"line":49,"column":9}},"8":{"start":{"line":21,"column":26},"end":{"line":21,"column":56}},"9":{"start":{"line":22,"column":30},"end":{"line":22,"column":48}},"10":{"start":{"line":23,"column":12},"end":{"line":25,"column":13}},"11":{"start":{"line":24,"column":16},"end":{"line":24,"column":75}},"12":{"start":{"line":24,"column":55},"end":{"line":24,"column":72}},"13":{"start":{"line":26,"column":32},"end":{"line":26,"column":66}},"14":{"start":{"line":28,"column":12},"end":{"line":46,"column":13}},"15":{"start":{"line":29,"column":33},"end":{"line":31,"column":17}},"16":{"start":{"line":32,"column":16},"end":{"line":34,"column":17}},"17":{"start":{"line":33,"column":20},"end":{"line":33,"column":55}},"18":{"start":{"line":35,"column":16},"end":{"line":35,"column":32}},"19":{"start":{"line":37,"column":33},"end":{"line":37,"column":67}},"20":{"start":{"line":38,"column":16},"end":{"line":44,"column":17}},"21":{"start":{"line":39,"column":33},"end":{"line":39,"column":62}},"22":{"start":{"line":40,"column":20},"end":{"line":43,"column":22}},"23":{"start":{"line":45,"column":16},"end":{"line":45,"column":40}},"24":{"start":{"line":48,"column":12},"end":{"line":48,"column":48}}},"fnMap":{"0":{"name":"(anonymous_0)","decl":{"start":{"line":15,"column":4},"end":{"line":15,"column":5}},"loc":{"start":{"line":16,"column":8},"end":{"line":18,"column":9}},"line":16},"1":{"name":"(anonymous_1)","decl":{"start":{"line":16,"column":29},"end":{"line":16,"column":30}},"loc":{"start":{"line":17,"column":12},"end":{"line":17,"column":49}},"line":17},"2":{"name":"(anonymous_2)","decl":{"start":{"line":19,"column":4},"end":{"line":19,"column":5}},"loc":{"start":{"line":19,"column":30},"end":{"line":50,"column":5}},"line":19},"3":{"name":"(anonymous_3)","decl":{"start":{"line":24,"column":48},"end":{"line":24,"column":49}},"loc":{"start":{"line":24,"column":55},"end":{"line":24,"column":72}},"line":24}},"branchMap":{"0":{"loc":{"start":{"line":23,"column":12},"end":{"line":25,"column":13}},"type":"if","locations":[{"start":{"line":23,"column":12},"end":{"line":25,"column":13}},{"start":{"line":23,"column":12},"end":{"line":25,"column":13}}],"line":23},"1":{"loc":{"start":{"line":32,"column":16},"end":{"line":34,"column":17}},"type":"if","locations":[{"start":{"line":32,"column":16},"end":{"line":34,"column":17}},{"start":{"line":32,"column":16},"end":{"line":34,"column":17}}],"line":32},"2":{"loc":{"start":{"line":38,"column":16},"end":{"line":44,"column":17}},"type":"if","locations":[{"start":{"line":38,"column":16},"end":{"line":44,"column":17}},{"start":{"line":38,"column":16},"end":{"line":44,"column":17}}],"line":38}},"s":{"0":0,"1":0,"2":0,"3":0,"4":0,"5":0,"6":0,"7":0,"8":0,"9":0,"10":0,"11":0,"12":0,"13":0,"14":0,"15":0,"16":0,"17":0,"18":0,"19":0,"20":0,"21":0,"22":0,"23":0,"24":0},"f":{"0":0,"1":0,"2":0,"3":0},"b":{"0":[0,0],"1":[0,0],"2":[0,0]}}
,"/Users/alcipir/Repos/bitcoin-abc/web/cashtab/src/components/App.js": {"path":"/Users/alcipir/Repos/bitcoin-abc/web/cashtab/src/components/App.js","statementMap":{"0":{"start":{"line":30,"column":20},"end":{"line":30,"column":24}},"1":{"start":{"line":32,"column":15},"end":{"line":89,"column":1}},"2":{"start":{"line":91,"column":26},"end":{"line":98,"column":1}},"3":{"start":{"line":100,"column":25},"end":{"line":116,"column":1}},"4":{"start":{"line":118,"column":25},"end":{"line":139,"column":1}},"5":{"start":{"line":141,"column":27},"end":{"line":146,"column":1}},"6":{"start":{"line":147,"column":23},"end":{"line":152,"column":1}},"7":{"start":{"line":154,"column":12},"end":{"line":250,"column":1}},"8":{"start":{"line":155,"column":25},"end":{"line":155,"column":56}},"9":{"start":{"line":156,"column":23},"end":{"line":156,"column":35}},"10":{"start":{"line":157,"column":21},"end":{"line":157,"column":34}},"11":{"start":{"line":158,"column":20},"end":{"line":158,"column":32}},"12":{"start":{"line":160,"column":8},"end":{"line":160,"column":72}},"13":{"start":{"line":162,"column":4},"end":{"line":249,"column":6}},"14":{"start":{"line":186,"column":32},"end":{"line":188,"column":34}},"15":{"start":{"line":208,"column":55},"end":{"line":208,"column":78}},"16":{"start":{"line":220,"column":57},"end":{"line":220,"column":78}},"17":{"start":{"line":232,"column":44},"end":{"line":232,"column":70}}},"fnMap":{"0":{"name":"(anonymous_0)","decl":{"start":{"line":154,"column":12},"end":{"line":154,"column":13}},"loc":{"start":{"line":154,"column":18},"end":{"line":250,"column":1}},"line":154},"1":{"name":"(anonymous_1)","decl":{"start":{"line":185,"column":36},"end":{"line":185,"column":37}},"loc":{"start":{"line":186,"column":32},"end":{"line":188,"column":34}},"line":186},"2":{"name":"(anonymous_2)","decl":{"start":{"line":208,"column":49},"end":{"line":208,"column":50}},"loc":{"start":{"line":208,"column":55},"end":{"line":208,"column":78}},"line":208},"3":{"name":"(anonymous_3)","decl":{"start":{"line":220,"column":51},"end":{"line":220,"column":52}},"loc":{"start":{"line":220,"column":57},"end":{"line":220,"column":78}},"line":220},"4":{"name":"(anonymous_4)","decl":{"start":{"line":231,"column":49},"end":{"line":231,"column":50}},"loc":{"start":{"line":232,"column":44},"end":{"line":232,"column":70}},"line":232}},"branchMap":{"0":{"loc":{"start":{"line":160,"column":8},"end":{"line":160,"column":72}},"type":"cond-expr","locations":[{"start":{"line":160,"column":40},"end":{"line":160,"column":67}},{"start":{"line":160,"column":70},"end":{"line":160,"column":72}}],"line":160},"1":{"loc":{"start":{"line":160,"column":8},"end":{"line":160,"column":37}},"type":"binary-expr","locations":[{"start":{"line":160,"column":8},"end":{"line":160,"column":16}},{"start":{"line":160,"column":20},"end":{"line":160,"column":37}}],"line":160},"2":{"loc":{"start":{"line":198,"column":17},"end":{"line":246,"column":24}},"type":"cond-expr","locations":[{"start":{"line":199,"column":20},"end":{"line":245,"column":29}},{"start":{"line":246,"column":20},"end":{"line":246,"column":24}}],"line":198}},"s":{"0":0,"1":0,"2":0,"3":0,"4":0,"5":0,"6":0,"7":0,"8":0,"9":0,"10":0,"11":0,"12":0,"13":0,"14":0,"15":0,"16":0,"17":0},"f":{"0":0,"1":0,"2":0,"3":0,"4":0},"b":{"0":[0,0],"1":[0,0],"2":[0,0]}}
,"/Users/alcipir/Repos/bitcoin-abc/web/cashtab/src/components/NotFound.js": {"path":"/Users/alcipir/Repos/bitcoin-abc/web/cashtab/src/components/NotFound.js","statementMap":{"0":{"start":{"line":4,"column":17},"end":{"line":10,"column":1}},"1":{"start":{"line":5,"column":4},"end":{"line":9,"column":10}}},"fnMap":{"0":{"name":"(anonymous_0)","decl":{"start":{"line":4,"column":17},"end":{"line":4,"column":18}},"loc":{"start":{"line":5,"column":4},"end":{"line":9,"column":10}},"line":5}},"branchMap":{},"s":{"0":1,"1":1},"f":{"0":1},"b":{},"_coverageSchema":"1a1c01bbd47fc00a2c39e90264f33305004495a9","hash":"70f5742b191a2264bdd701b54fb7d5448344f6ec"}
,"/Users/alcipir/Repos/bitcoin-abc/web/cashtab/src/components/Common/CustomIcons.js": {"path":"/Users/alcipir/Repos/bitcoin-abc/web/cashtab/src/components/Common/CustomIcons.js","statementMap":{"0":{"start":{"line":6,"column":4},"end":{"line":10,"column":6}},"1":{"start":{"line":13,"column":28},"end":{"line":25,"column":1}},"2":{"start":{"line":27,"column":26},"end":{"line":31,"column":1}},"3":{"start":{"line":28,"column":4},"end":{"line":30,"column":19}}},"fnMap":{"0":{"name":"(anonymous_0)","decl":{"start":{"line":27,"column":26},"end":{"line":27,"column":27}},"loc":{"start":{"line":28,"column":4},"end":{"line":30,"column":19}},"line":28}},"branchMap":{},"s":{"0":2,"1":2,"2":2,"3":0},"f":{"0":0},"b":{},"_coverageSchema":"1a1c01bbd47fc00a2c39e90264f33305004495a9","hash":"ce18d7a64c87de6f7ef6abbe4aaff6a5210ef65e"}
,"/Users/alcipir/Repos/bitcoin-abc/web/cashtab/src/components/Common/EnhancedInputs.js": {"path":"/Users/alcipir/Repos/bitcoin-abc/web/cashtab/src/components/Common/EnhancedInputs.js","statementMap":{"0":{"start":{"line":9,"column":30},"end":{"line":20,"column":1}},"1":{"start":{"line":15,"column":8},"end":{"line":19,"column":32}},"2":{"start":{"line":22,"column":36},"end":{"line":38,"column":1}},"3":{"start":{"line":33,"column":8},"end":{"line":37,"column":32}},"4":{"start":{"line":40,"column":28},"end":{"line":113,"column":1}},"5":{"start":{"line":46,"column":23},"end":{"line":46,"column":29}},"6":{"start":{"line":47,"column":23},"end":{"line":53,"column":5}},"7":{"start":{"line":54,"column":28},"end":{"line":69,"column":6}},"8":{"start":{"line":55,"column":8},"end":{"line":68,"column":10}},"9":{"start":{"line":72,"column":8},"end":{"line":79,"column":17}},"10":{"start":{"line":81,"column":4},"end":{"line":112,"column":6}},"11":{"start":{"line":115,"column":36},"end":{"line":135,"column":1}},"12":{"start":{"line":116,"column":4},"end":{"line":134,"column":6}},"13":{"start":{"line":138,"column":39},"end":{"line":158,"column":1}},"14":{"start":{"line":144,"column":4},"end":{"line":157,"column":6}},"15":{"start":{"line":160,"column":33},"end":{"line":178,"column":1}},"16":{"start":{"line":161,"column":20},"end":{"line":161,"column":28}},"17":{"start":{"line":163,"column":4},"end":{"line":177,"column":8}},"18":{"start":{"line":165,"column":12},"end":{"line":169,"column":13}},"19":{"start":{"line":166,"column":16},"end":{"line":166,"column":62}},"20":{"start":{"line":168,"column":16},"end":{"line":168,"column":28}},"21":{"start":{"line":172,"column":12},"end":{"line":172,"column":76}},"22":{"start":{"line":174,"column":12},"end":{"line":174,"column":77}},"23":{"start":{"line":176,"column":12},"end":{"line":176,"column":75}}},"fnMap":{"0":{"name":"(anonymous_0)","decl":{"start":{"line":14,"column":6},"end":{"line":14,"column":7}},"loc":{"start":{"line":15,"column":8},"end":{"line":19,"column":32}},"line":15},"1":{"name":"(anonymous_1)","decl":{"start":{"line":32,"column":6},"end":{"line":32,"column":7}},"loc":{"start":{"line":33,"column":8},"end":{"line":37,"column":32}},"line":33},"2":{"name":"(anonymous_2)","decl":{"start":{"line":40,"column":28},"end":{"line":40,"column":29}},"loc":{"start":{"line":45,"column":6},"end":{"line":113,"column":1}},"line":45},"3":{"name":"(anonymous_3)","decl":{"start":{"line":54,"column":43},"end":{"line":54,"column":44}},"loc":{"start":{"line":54,"column":55},"end":{"line":69,"column":5}},"line":54},"4":{"name":"(anonymous_4)","decl":{"start":{"line":115,"column":36},"end":{"line":115,"column":37}},"loc":{"start":{"line":115,"column":78},"end":{"line":135,"column":1}},"line":115},"5":{"name":"(anonymous_5)","decl":{"start":{"line":138,"column":39},"end":{"line":138,"column":40}},"loc":{"start":{"line":143,"column":6},"end":{"line":158,"column":1}},"line":143},"6":{"name":"(anonymous_6)","decl":{"start":{"line":160,"column":33},"end":{"line":160,"column":34}},"loc":{"start":{"line":160,"column":39},"end":{"line":178,"column":1}},"line":160},"7":{"name":"(anonymous_7)","decl":{"start":{"line":164,"column":35},"end":{"line":164,"column":36}},"loc":{"start":{"line":164,"column":44},"end":{"line":170,"column":9}},"line":164},"8":{"name":"(anonymous_8)","decl":{"start":{"line":171,"column":22},"end":{"line":171,"column":23}},"loc":{"start":{"line":172,"column":12},"end":{"line":172,"column":76}},"line":172},"9":{"name":"(anonymous_9)","decl":{"start":{"line":173,"column":22},"end":{"line":173,"column":23}},"loc":{"start":{"line":174,"column":12},"end":{"line":174,"column":77}},"line":174},"10":{"name":"(anonymous_10)","decl":{"start":{"line":175,"column":25},"end":{"line":175,"column":26}},"loc":{"start":{"line":176,"column":12},"end":{"line":176,"column":75}},"line":176}},"branchMap":{"0":{"loc":{"start":{"line":15,"column":8},"end":{"line":19,"column":32}},"type":"cond-expr","locations":[{"start":{"line":16,"column":14},"end":{"line":18,"column":7}},{"start":{"line":19,"column":14},"end":{"line":19,"column":32}}],"line":15},"1":{"loc":{"start":{"line":33,"column":8},"end":{"line":37,"column":32}},"type":"cond-expr","locations":[{"start":{"line":34,"column":14},"end":{"line":36,"column":7}},{"start":{"line":37,"column":14},"end":{"line":37,"column":32}}],"line":33},"2":{"loc":{"start":{"line":89,"column":24},"end":{"line":98,"column":25}},"type":"cond-expr","locations":[{"start":{"line":90,"column":28},"end":{"line":90,"column":46}},{"start":{"line":92,"column":28},"end":{"line":97,"column":30}}],"line":89},"3":{"loc":{"start":{"line":105,"column":33},"end":{"line":105,"column":49}},"type":"binary-expr","locations":[{"start":{"line":105,"column":33},"end":{"line":105,"column":43}},{"start":{"line":105,"column":47},"end":{"line":105,"column":49}}],"line":105},"4":{"loc":{"start":{"line":106,"column":29},"end":{"line":106,"column":66}},"type":"binary-expr","locations":[{"start":{"line":106,"column":29},"end":{"line":106,"column":57}},{"start":{"line":106,"column":61},"end":{"line":106,"column":66}}],"line":106},"5":{"loc":{"start":{"line":106,"column":31},"end":{"line":106,"column":47}},"type":"binary-expr","locations":[{"start":{"line":106,"column":31},"end":{"line":106,"column":41}},{"start":{"line":106,"column":45},"end":{"line":106,"column":47}}],"line":106},"6":{"loc":{"start":{"line":125,"column":37},"end":{"line":125,"column":53}},"type":"binary-expr","locations":[{"start":{"line":125,"column":37},"end":{"line":125,"column":47}},{"start":{"line":125,"column":51},"end":{"line":125,"column":53}}],"line":125},"7":{"loc":{"start":{"line":126,"column":33},"end":{"line":126,"column":70}},"type":"binary-expr","locations":[{"start":{"line":126,"column":33},"end":{"line":126,"column":61}},{"start":{"line":126,"column":65},"end":{"line":126,"column":70}}],"line":126},"8":{"loc":{"start":{"line":126,"column":35},"end":{"line":126,"column":51}},"type":"binary-expr","locations":[{"start":{"line":126,"column":35},"end":{"line":126,"column":45}},{"start":{"line":126,"column":49},"end":{"line":126,"column":51}}],"line":126}},"s":{"0":0,"1":0,"2":0,"3":0,"4":0,"5":0,"6":0,"7":0,"8":0,"9":0,"10":0,"11":0,"12":0,"13":0,"14":0,"15":0,"16":0,"17":0,"18":0,"19":0,"20":0,"21":0,"22":0,"23":0},"f":{"0":0,"1":0,"2":0,"3":0,"4":0,"5":0,"6":0,"7":0,"8":0,"9":0,"10":0},"b":{"0":[0,0],"1":[0,0],"2":[0,0],"3":[0,0],"4":[0,0],"5":[0,0],"6":[0,0],"7":[0,0],"8":[0,0]}}
,"/Users/alcipir/Repos/bitcoin-abc/web/cashtab/src/components/Common/PrimaryButton.js": {"path":"/Users/alcipir/Repos/bitcoin-abc/web/cashtab/src/components/Common/PrimaryButton.js","statementMap":{"0":{"start":{"line":3,"column":22},"end":{"line":28,"column":1}},"1":{"start":{"line":30,"column":24},"end":{"line":54,"column":1}},"2":{"start":{"line":56,"column":20},"end":{"line":85,"column":1}},"3":{"start":{"line":58,"column":8},"end":{"line":60,"column":66}},"4":{"start":{"line":61,"column":40},"end":{"line":61,"column":77}},"5":{"start":{"line":63,"column":8},"end":{"line":63,"column":43}}},"fnMap":{"0":{"name":"(anonymous_0)","decl":{"start":{"line":57,"column":24},"end":{"line":57,"column":25}},"loc":{"start":{"line":58,"column":8},"end":{"line":60,"column":66}},"line":58},"1":{"name":"(anonymous_1)","decl":{"start":{"line":61,"column":13},"end":{"line":61,"column":14}},"loc":{"start":{"line":61,"column":40},"end":{"line":61,"column":77}},"line":61},"2":{"name":"(anonymous_2)","decl":{"start":{"line":62,"column":18},"end":{"line":62,"column":19}},"loc":{"start":{"line":63,"column":8},"end":{"line":63,"column":43}},"line":63}},"branchMap":{"0":{"loc":{"start":{"line":57,"column":27},"end":{"line":57,"column":43}},"type":"default-arg","locations":[{"start":{"line":57,"column":38},"end":{"line":57,"column":43}}],"line":57},"1":{"loc":{"start":{"line":58,"column":8},"end":{"line":60,"column":66}},"type":"cond-expr","locations":[{"start":{"line":59,"column":14},"end":{"line":59,"column":20}},{"start":{"line":60,"column":14},"end":{"line":60,"column":66}}],"line":58},"2":{"loc":{"start":{"line":61,"column":16},"end":{"line":61,"column":32}},"type":"default-arg","locations":[{"start":{"line":61,"column":27},"end":{"line":61,"column":32}}],"line":61},"3":{"loc":{"start":{"line":61,"column":40},"end":{"line":61,"column":77}},"type":"cond-expr","locations":[{"start":{"line":61,"column":60},"end":{"line":61,"column":67}},{"start":{"line":61,"column":70},"end":{"line":61,"column":77}}],"line":61},"4":{"loc":{"start":{"line":62,"column":21},"end":{"line":62,"column":37}},"type":"default-arg","locations":[{"start":{"line":62,"column":32},"end":{"line":62,"column":37}}],"line":62},"5":{"loc":{"start":{"line":63,"column":8},"end":{"line":63,"column":43}},"type":"cond-expr","locations":[{"start":{"line":63,"column":28},"end":{"line":63,"column":38}},{"start":{"line":63,"column":41},"end":{"line":63,"column":43}}],"line":63}},"s":{"0":2,"1":2,"2":2,"3":0,"4":0,"5":0},"f":{"0":0,"1":0,"2":0},"b":{"0":[0],"1":[0,0],"2":[0],"3":[0,0],"4":[0],"5":[0,0]},"_coverageSchema":"1a1c01bbd47fc00a2c39e90264f33305004495a9","hash":"0b3ba91a626cfba7de032286a7ca204f949c1b89"}
,"/Users/alcipir/Repos/bitcoin-abc/web/cashtab/src/components/Common/QRCode.js": {"path":"/Users/alcipir/Repos/bitcoin-abc/web/cashtab/src/components/Common/QRCode.js","statementMap":{"0":{"start":{"line":8,"column":31},"end":{"line":27,"column":1}},"1":{"start":{"line":20,"column":42},"end":{"line":20,"column":76}},"2":{"start":{"line":29,"column":15},"end":{"line":44,"column":1}},"3":{"start":{"line":35,"column":42},"end":{"line":35,"column":76}},"4":{"start":{"line":46,"column":20},"end":{"line":103,"column":1}},"5":{"start":{"line":105,"column":22},"end":{"line":214,"column":1}},"6":{"start":{"line":108,"column":20},"end":{"line":108,"column":24}},"7":{"start":{"line":111,"column":34},"end":{"line":111,"column":49}},"8":{"start":{"line":112,"column":23},"end":{"line":112,"column":24}},"9":{"start":{"line":114,"column":25},"end":{"line":114,"column":67}},"10":{"start":{"line":116,"column":19},"end":{"line":116,"column":37}},"11":{"start":{"line":118,"column":26},"end":{"line":124,"column":5}},"12":{"start":{"line":119,"column":8},"end":{"line":119,"column":25}},"13":{"start":{"line":120,"column":8},"end":{"line":122,"column":17}},"14":{"start":{"line":121,"column":12},"end":{"line":121,"column":30}},"15":{"start":{"line":123,"column":8},"end":{"line":123,"column":21}},"16":{"start":{"line":126,"column":25},"end":{"line":143,"column":5}},"17":{"start":{"line":129,"column":25},"end":{"line":129,"column":40}},"18":{"start":{"line":130,"column":8},"end":{"line":137,"column":9}},"19":{"start":{"line":131,"column":28},"end":{"line":131,"column":66}},"20":{"start":{"line":132,"column":12},"end":{"line":134,"column":13}},"21":{"start":{"line":133,"column":16},"end":{"line":133,"column":50}},"22":{"start":{"line":136,"column":12},"end":{"line":136,"column":56}},"23":{"start":{"line":139,"column":8},"end":{"line":139,"column":25}},"24":{"start":{"line":140,"column":8},"end":{"line":142,"column":16}},"25":{"start":{"line":141,"column":12},"end":{"line":141,"column":36}},"26":{"start":{"line":145,"column":4},"end":{"line":213,"column":6}}},"fnMap":{"0":{"name":"(anonymous_0)","decl":{"start":{"line":20,"column":24},"end":{"line":20,"column":25}},"loc":{"start":{"line":20,"column":42},"end":{"line":20,"column":76}},"line":20},"1":{"name":"(anonymous_1)","decl":{"start":{"line":35,"column":24},"end":{"line":35,"column":25}},"loc":{"start":{"line":35,"column":42},"end":{"line":35,"column":76}},"line":35},"2":{"name":"(anonymous_2)","decl":{"start":{"line":105,"column":22},"end":{"line":105,"column":23}},"loc":{"start":{"line":110,"column":6},"end":{"line":214,"column":1}},"line":110},"3":{"name":"(anonymous_3)","decl":{"start":{"line":108,"column":14},"end":{"line":108,"column":15}},"loc":{"start":{"line":108,"column":20},"end":{"line":108,"column":24}},"line":108},"4":{"name":"(anonymous_4)","decl":{"start":{"line":118,"column":26},"end":{"line":118,"column":27}},"loc":{"start":{"line":118,"column":33},"end":{"line":124,"column":5}},"line":118},"5":{"name":"(anonymous_5)","decl":{"start":{"line":120,"column":19},"end":{"line":120,"column":20}},"loc":{"start":{"line":120,"column":25},"end":{"line":122,"column":9}},"line":120},"6":{"name":"(anonymous_6)","decl":{"start":{"line":126,"column":25},"end":{"line":126,"column":26}},"loc":{"start":{"line":126,"column":31},"end":{"line":143,"column":5}},"line":126},"7":{"name":"(anonymous_7)","decl":{"start":{"line":140,"column":19},"end":{"line":140,"column":20}},"loc":{"start":{"line":140,"column":25},"end":{"line":142,"column":9}},"line":140}},"branchMap":{"0":{"loc":{"start":{"line":20,"column":27},"end":{"line":20,"column":34}},"type":"default-arg","locations":[{"start":{"line":20,"column":33},"end":{"line":20,"column":34}}],"line":20},"1":{"loc":{"start":{"line":20,"column":42},"end":{"line":20,"column":76}},"type":"cond-expr","locations":[{"start":{"line":20,"column":54},"end":{"line":20,"column":64}},{"start":{"line":20,"column":67},"end":{"line":20,"column":76}}],"line":20},"2":{"loc":{"start":{"line":35,"column":27},"end":{"line":35,"column":34}},"type":"default-arg","locations":[{"start":{"line":35,"column":33},"end":{"line":35,"column":34}}],"line":35},"3":{"loc":{"start":{"line":35,"column":42},"end":{"line":35,"column":76}},"type":"cond-expr","locations":[{"start":{"line":35,"column":54},"end":{"line":35,"column":64}},{"start":{"line":35,"column":67},"end":{"line":35,"column":76}}],"line":35},"4":{"loc":{"start":{"line":107,"column":4},"end":{"line":107,"column":14}},"type":"default-arg","locations":[{"start":{"line":107,"column":11},"end":{"line":107,"column":14}}],"line":107},"5":{"loc":{"start":{"line":108,"column":4},"end":{"line":108,"column":24}},"type":"default-arg","locations":[{"start":{"line":108,"column":14},"end":{"line":108,"column":24}}],"line":108},"6":{"loc":{"start":{"line":114,"column":25},"end":{"line":114,"column":67}},"type":"cond-expr","locations":[{"start":{"line":114,"column":35},"end":{"line":114,"column":62}},{"start":{"line":114,"column":65},"end":{"line":114,"column":67}}],"line":114},"7":{"loc":{"start":{"line":130,"column":8},"end":{"line":137,"column":9}},"type":"if","locations":[{"start":{"line":130,"column":8},"end":{"line":137,"column":9}},{"start":{"line":130,"column":8},"end":{"line":137,"column":9}}],"line":130},"8":{"loc":{"start":{"line":132,"column":12},"end":{"line":134,"column":13}},"type":"if","locations":[{"start":{"line":132,"column":12},"end":{"line":134,"column":13}},{"start":{"line":132,"column":12},"end":{"line":134,"column":13}}],"line":132},"9":{"loc":{"start":{"line":157,"column":25},"end":{"line":157,"column":71}},"type":"cond-expr","locations":[{"start":{"line":157,"column":66},"end":{"line":157,"column":67}},{"start":{"line":157,"column":70},"end":{"line":157,"column":71}}],"line":157},"10":{"loc":{"start":{"line":157,"column":25},"end":{"line":157,"column":63}},"type":"binary-expr","locations":[{"start":{"line":157,"column":25},"end":{"line":157,"column":32}},{"start":{"line":157,"column":36},"end":{"line":157,"column":63}}],"line":157},"11":{"loc":{"start":{"line":158,"column":38},"end":{"line":158,"column":61}},"type":"cond-expr","locations":[{"start":{"line":158,"column":48},"end":{"line":158,"column":52}},{"start":{"line":158,"column":55},"end":{"line":158,"column":61}}],"line":158},"12":{"loc":{"start":{"line":165,"column":27},"end":{"line":165,"column":40}},"type":"binary-expr","locations":[{"start":{"line":165,"column":27},"end":{"line":165,"column":34}},{"start":{"line":165,"column":38},"end":{"line":165,"column":40}}],"line":165},"13":{"loc":{"start":{"line":167,"column":25},"end":{"line":167,"column":71}},"type":"cond-expr","locations":[{"start":{"line":167,"column":66},"end":{"line":167,"column":67}},{"start":{"line":167,"column":70},"end":{"line":167,"column":71}}],"line":167},"14":{"loc":{"start":{"line":167,"column":25},"end":{"line":167,"column":63}},"type":"binary-expr","locations":[{"start":{"line":167,"column":25},"end":{"line":167,"column":32}},{"start":{"line":167,"column":36},"end":{"line":167,"column":63}}],"line":167},"15":{"loc":{"start":{"line":172,"column":28},"end":{"line":174,"column":52}},"type":"cond-expr","locations":[{"start":{"line":173,"column":34},"end":{"line":173,"column":47}},{"start":{"line":174,"column":34},"end":{"line":174,"column":52}}],"line":172},"16":{"loc":{"start":{"line":172,"column":28},"end":{"line":172,"column":66}},"type":"binary-expr","locations":[{"start":{"line":172,"column":28},"end":{"line":172,"column":35}},{"start":{"line":172,"column":39},"end":{"line":172,"column":66}}],"line":172},"17":{"loc":{"start":{"line":183,"column":17},"end":{"line":210,"column":17}},"type":"binary-expr","locations":[{"start":{"line":183,"column":17},"end":{"line":183,"column":24}},{"start":{"line":184,"column":20},"end":{"line":209,"column":34}}],"line":183},"18":{"loc":{"start":{"line":194,"column":32},"end":{"line":194,"column":69}},"type":"cond-expr","locations":[{"start":{"line":194,"column":62},"end":{"line":194,"column":64}},{"start":{"line":194,"column":67},"end":{"line":194,"column":69}}],"line":194},"19":{"loc":{"start":{"line":195,"column":32},"end":{"line":197,"column":53}},"type":"cond-expr","locations":[{"start":{"line":196,"column":38},"end":{"line":196,"column":53}},{"start":{"line":197,"column":38},"end":{"line":197,"column":53}}],"line":195},"20":{"loc":{"start":{"line":201,"column":28},"end":{"line":203,"column":49}},"type":"cond-expr","locations":[{"start":{"line":202,"column":34},"end":{"line":202,"column":49}},{"start":{"line":203,"column":34},"end":{"line":203,"column":49}}],"line":201},"21":{"loc":{"start":{"line":204,"column":28},"end":{"line":206,"column":46}},"type":"cond-expr","locations":[{"start":{"line":205,"column":34},"end":{"line":205,"column":46}},{"start":{"line":206,"column":34},"end":{"line":206,"column":46}}],"line":204}},"s":{"0":2,"1":10,"2":2,"3":10,"4":2,"5":2,"6":1,"7":10,"8":10,"9":10,"10":10,"11":10,"12":3,"13":3,"14":1,"15":3,"16":10,"17":3,"18":3,"19":2,"20":2,"21":1,"22":2,"23":3,"24":3,"25":1,"26":10},"f":{"0":10,"1":10,"2":10,"3":1,"4":3,"5":1,"6":3,"7":1},"b":{"0":[0],"1":[6,4],"2":[0],"3":[6,4],"4":[10],"5":[5],"6":[8,2],"7":[2,1],"8":[1,1],"9":[6,4],"10":[10,8],"11":[3,7],"12":[10,2],"13":[6,4],"14":[10,8],"15":[6,4],"16":[10,8],"17":[10,8],"18":[6,2],"19":[6,2],"20":[6,2],"21":[6,2]},"_coverageSchema":"1a1c01bbd47fc00a2c39e90264f33305004495a9","hash":"991a62c7b5c09c5e974460dee8af1c5490aab698"}
,"/Users/alcipir/Repos/bitcoin-abc/web/cashtab/src/components/Common/ScanQRCode.js": {"path":"/Users/alcipir/Repos/bitcoin-abc/web/cashtab/src/components/Common/ScanQRCode.js","statementMap":{"0":{"start":{"line":9,"column":25},"end":{"line":11,"column":1}},"1":{"start":{"line":13,"column":20},"end":{"line":21,"column":1}},"2":{"start":{"line":23,"column":18},"end":{"line":25,"column":1}},"3":{"start":{"line":27,"column":26},"end":{"line":169,"column":1}},"4":{"start":{"line":30,"column":19},"end":{"line":30,"column":23}},"5":{"start":{"line":33,"column":34},"end":{"line":33,"column":62}},"6":{"start":{"line":34,"column":30},"end":{"line":34,"column":45}},"7":{"start":{"line":41,"column":52},"end":{"line":41,"column":66}},"8":{"start":{"line":43,"column":31},"end":{"line":50,"column":5}},"9":{"start":{"line":44,"column":8},"end":{"line":49,"column":9}},"10":{"start":{"line":45,"column":12},"end":{"line":45,"column":31}},"11":{"start":{"line":46,"column":12},"end":{"line":46,"column":30}},"12":{"start":{"line":47,"column":12},"end":{"line":47,"column":30}},"13":{"start":{"line":48,"column":12},"end":{"line":48,"column":44}},"14":{"start":{"line":52,"column":25},"end":{"line":74,"column":5}},"15":{"start":{"line":53,"column":19},"end":{"line":53,"column":28}},"16":{"start":{"line":54,"column":21},"end":{"line":54,"column":23}},"17":{"start":{"line":57,"column":8},"end":{"line":72,"column":9}},"18":{"start":{"line":61,"column":12},"end":{"line":61,"column":29}},"19":{"start":{"line":62,"column":12},"end":{"line":62,"column":42}},"20":{"start":{"line":66,"column":29},"end":{"line":66,"column":44}},"21":{"start":{"line":67,"column":28},"end":{"line":67,"column":74}},"22":{"start":{"line":68,"column":12},"end":{"line":70,"column":13}},"23":{"start":{"line":69,"column":16},"end":{"line":69,"column":50}},"24":{"start":{"line":71,"column":12},"end":{"line":71,"column":66}},"25":{"start":{"line":73,"column":8},"end":{"line":73,"column":32}},"26":{"start":{"line":76,"column":26},"end":{"line":116,"column":5}},"27":{"start":{"line":77,"column":27},"end":{"line":77,"column":52}},"28":{"start":{"line":78,"column":8},"end":{"line":78,"column":40}},"29":{"start":{"line":80,"column":8},"end":{"line":113,"column":9}},"30":{"start":{"line":83,"column":38},"end":{"line":83,"column":77}},"31":{"start":{"line":93,"column":28},"end":{"line":96,"column":13}},"32":{"start":{"line":97,"column":27},"end":{"line":97,"column":53}},"33":{"start":{"line":100,"column":12},"end":{"line":105,"column":13}},"34":{"start":{"line":102,"column":16},"end":{"line":102,"column":34}},"35":{"start":{"line":103,"column":16},"end":{"line":103,"column":46}},"36":{"start":{"line":104,"column":16},"end":{"line":104,"column":54}},"37":{"start":{"line":107,"column":12},"end":{"line":107,"column":48}},"38":{"start":{"line":108,"column":12},"end":{"line":108,"column":29}},"39":{"start":{"line":109,"column":12},"end":{"line":109,"column":53}},"40":{"start":{"line":111,"column":12},"end":{"line":111,"column":26}},"41":{"start":{"line":112,"column":12},"end":{"line":112,"column":43}},"42":{"start":{"line":118,"column":4},"end":{"line":129,"column":18}},"43":{"start":{"line":119,"column":8},"end":{"line":127,"column":9}},"44":{"start":{"line":120,"column":12},"end":{"line":120,"column":28}},"45":{"start":{"line":122,"column":12},"end":{"line":124,"column":13}},"46":{"start":{"line":123,"column":16},"end":{"line":123,"column":53}},"47":{"start":{"line":126,"column":12},"end":{"line":126,"column":28}},"48":{"start":{"line":131,"column":4},"end":{"line":168,"column":6}},"49":{"start":{"line":135,"column":31},"end":{"line":135,"column":51}},"50":{"start":{"line":142,"column":32},"end":{"line":142,"column":49}}},"fnMap":{"0":{"name":"(anonymous_0)","decl":{"start":{"line":27,"column":26},"end":{"line":27,"column":27}},"loc":{"start":{"line":32,"column":6},"end":{"line":169,"column":1}},"line":32},"1":{"name":"(anonymous_1)","decl":{"start":{"line":30,"column":13},"end":{"line":30,"column":14}},"loc":{"start":{"line":30,"column":19},"end":{"line":30,"column":23}},"line":30},"2":{"name":"(anonymous_2)","decl":{"start":{"line":43,"column":31},"end":{"line":43,"column":32}},"loc":{"start":{"line":43,"column":45},"end":{"line":50,"column":5}},"line":43},"3":{"name":"(anonymous_3)","decl":{"start":{"line":52,"column":25},"end":{"line":52,"column":26}},"loc":{"start":{"line":52,"column":36},"end":{"line":74,"column":5}},"line":52},"4":{"name":"(anonymous_4)","decl":{"start":{"line":76,"column":26},"end":{"line":76,"column":27}},"loc":{"start":{"line":76,"column":38},"end":{"line":116,"column":5}},"line":76},"5":{"name":"(anonymous_5)","decl":{"start":{"line":118,"column":20},"end":{"line":118,"column":21}},"loc":{"start":{"line":118,"column":26},"end":{"line":129,"column":5}},"line":118},"6":{"name":"(anonymous_6)","decl":{"start":{"line":135,"column":25},"end":{"line":135,"column":26}},"loc":{"start":{"line":135,"column":31},"end":{"line":135,"column":51}},"line":135},"7":{"name":"(anonymous_7)","decl":{"start":{"line":142,"column":26},"end":{"line":142,"column":27}},"loc":{"start":{"line":142,"column":32},"end":{"line":142,"column":49}},"line":142}},"branchMap":{"0":{"loc":{"start":{"line":30,"column":4},"end":{"line":30,"column":23}},"type":"default-arg","locations":[{"start":{"line":30,"column":13},"end":{"line":30,"column":23}}],"line":30},"1":{"loc":{"start":{"line":44,"column":8},"end":{"line":49,"column":9}},"type":"if","locations":[{"start":{"line":44,"column":8},"end":{"line":49,"column":9}},{"start":{"line":44,"column":8},"end":{"line":49,"column":9}}],"line":44},"2":{"loc":{"start":{"line":57,"column":8},"end":{"line":72,"column":9}},"type":"if","locations":[{"start":{"line":57,"column":8},"end":{"line":72,"column":9}},{"start":{"line":57,"column":8},"end":{"line":72,"column":9}}],"line":57},"3":{"loc":{"start":{"line":58,"column":12},"end":{"line":59,"column":58}},"type":"binary-expr","locations":[{"start":{"line":58,"column":12},"end":{"line":58,"column":53}},{"start":{"line":59,"column":12},"end":{"line":59,"column":58}}],"line":58},"4":{"loc":{"start":{"line":68,"column":12},"end":{"line":70,"column":13}},"type":"if","locations":[{"start":{"line":68,"column":12},"end":{"line":70,"column":13}},{"start":{"line":68,"column":12},"end":{"line":70,"column":13}}],"line":68},"5":{"loc":{"start":{"line":100,"column":12},"end":{"line":105,"column":13}},"type":"if","locations":[{"start":{"line":100,"column":12},"end":{"line":105,"column":13}},{"start":{"line":100,"column":12},"end":{"line":105,"column":13}}],"line":100},"6":{"loc":{"start":{"line":119,"column":8},"end":{"line":127,"column":9}},"type":"if","locations":[{"start":{"line":119,"column":8},"end":{"line":127,"column":9}},{"start":{"line":119,"column":8},"end":{"line":127,"column":9}}],"line":119},"7":{"loc":{"start":{"line":122,"column":12},"end":{"line":124,"column":13}},"type":"if","locations":[{"start":{"line":122,"column":12},"end":{"line":124,"column":13}},{"start":{"line":122,"column":12},"end":{"line":124,"column":13}}],"line":122},"8":{"loc":{"start":{"line":145,"column":17},"end":{"line":165,"column":24}},"type":"cond-expr","locations":[{"start":{"line":146,"column":20},"end":{"line":164,"column":26}},{"start":{"line":165,"column":20},"end":{"line":165,"column":24}}],"line":145},"9":{"loc":{"start":{"line":147,"column":25},"end":{"line":163,"column":25}},"type":"cond-expr","locations":[{"start":{"line":148,"column":28},"end":{"line":160,"column":31}},{"start":{"line":162,"column":28},"end":{"line":162,"column":81}}],"line":147}},"s":{"0":0,"1":0,"2":0,"3":0,"4":0,"5":0,"6":0,"7":0,"8":0,"9":0,"10":0,"11":0,"12":0,"13":0,"14":0,"15":0,"16":0,"17":0,"18":0,"19":0,"20":0,"21":0,"22":0,"23":0,"24":0,"25":0,"26":0,"27":0,"28":0,"29":0,"30":0,"31":0,"32":0,"33":0,"34":0,"35":0,"36":0,"37":0,"38":0,"39":0,"40":0,"41":0,"42":0,"43":0,"44":0,"45":0,"46":0,"47":0,"48":0,"49":0,"50":0},"f":{"0":0,"1":0,"2":0,"3":0,"4":0,"5":0,"6":0,"7":0},"b":{"0":[0],"1":[0,0],"2":[0,0],"3":[0,0],"4":[0,0],"5":[0,0],"6":[0,0],"7":[0,0],"8":[0,0],"9":[0,0]}}
,"/Users/alcipir/Repos/bitcoin-abc/web/cashtab/src/components/Common/StyledCollapse.js": {"path":"/Users/alcipir/Repos/bitcoin-abc/web/cashtab/src/components/Common/StyledCollapse.js","statementMap":{"0":{"start":{"line":4,"column":30},"end":{"line":20,"column":1}}},"fnMap":{},"branchMap":{},"s":{"0":2},"f":{},"b":{},"_coverageSchema":"1a1c01bbd47fc00a2c39e90264f33305004495a9","hash":"37c8105ca568e30bb4d200409828343d09258797"}
,"/Users/alcipir/Repos/bitcoin-abc/web/cashtab/src/components/Common/StyledOnBoarding.js": {"path":"/Users/alcipir/Repos/bitcoin-abc/web/cashtab/src/components/Common/StyledOnBoarding.js","statementMap":{"0":{"start":{"line":3,"column":25},"end":{"line":55,"column":1}}},"fnMap":{},"branchMap":{},"s":{"0":2},"f":{},"b":{},"_coverageSchema":"1a1c01bbd47fc00a2c39e90264f33305004495a9","hash":"6eb59591ad7e18a9b704618e0b8ec8f9da44dbb2"}
,"/Users/alcipir/Repos/bitcoin-abc/web/cashtab/src/components/Common/StyledPage.js": {"path":"/Users/alcipir/Repos/bitcoin-abc/web/cashtab/src/components/Common/StyledPage.js","statementMap":{"0":{"start":{"line":3,"column":19},"end":{"line":48,"column":1}}},"fnMap":{},"branchMap":{},"s":{"0":1},"f":{},"b":{},"_coverageSchema":"1a1c01bbd47fc00a2c39e90264f33305004495a9","hash":"054f1fab6d588fe901c949794fa918ef2243d057"}
,"/Users/alcipir/Repos/bitcoin-abc/web/cashtab/src/components/Common/Ticker.js": {"path":"/Users/alcipir/Repos/bitcoin-abc/web/cashtab/src/components/Common/Ticker.js","statementMap":{"0":{"start":{"line":4,"column":24},"end":{"line":19,"column":1}}},"fnMap":{},"branchMap":{},"s":{"0":6},"f":{},"b":{},"_coverageSchema":"1a1c01bbd47fc00a2c39e90264f33305004495a9","hash":"6cc4d4fc17984e9237c4a47161b7c8795365fc98"}
,"/Users/alcipir/Repos/bitcoin-abc/web/cashtab/src/components/Configure/Configure.js": {"path":"/Users/alcipir/Repos/bitcoin-abc/web/cashtab/src/components/Configure/Configure.js","statementMap":{"0":{"start":{"line":23,"column":18},"end":{"line":23,"column":26}},"1":{"start":{"line":25,"column":14},"end":{"line":36,"column":1}},"2":{"start":{"line":38,"column":15},"end":{"line":57,"column":1}},"3":{"start":{"line":59,"column":20},"end":{"line":94,"column":1}},"4":{"start":{"line":96,"column":14},"end":{"line":121,"column":1}},"5":{"start":{"line":123,"column":24},"end":{"line":131,"column":1}},"6":{"start":{"line":133,"column":21},"end":{"line":138,"column":1}},"7":{"start":{"line":140,"column":18},"end":{"line":557,"column":1}},"8":{"start":{"line":141,"column":25},"end":{"line":141,"column":56}},"9":{"start":{"line":142,"column":42},"end":{"line":142,"column":54}},"10":{"start":{"line":151,"column":8},"end":{"line":151,"column":20}},"11":{"start":{"line":152,"column":44},"end":{"line":152,"column":56}},"12":{"start":{"line":153,"column":36},"end":{"line":156,"column":6}},"13":{"start":{"line":157,"column":62},"end":{"line":157,"column":77}},"14":{"start":{"line":158,"column":62},"end":{"line":158,"column":77}},"15":{"start":{"line":159,"column":54},"end":{"line":159,"column":68}},"16":{"start":{"line":160,"column":54},"end":{"line":160,"column":68}},"17":{"start":{"line":161,"column":46},"end":{"line":161,"column":58}},"18":{"start":{"line":165,"column":8},"end":{"line":165,"column":20}},"19":{"start":{"line":166,"column":60},"end":{"line":166,"column":74}},"20":{"start":{"line":167,"column":54},"end":{"line":167,"column":68}},"21":{"start":{"line":168,"column":39},"end":{"line":168,"column":54}},"22":{"start":{"line":170,"column":43},"end":{"line":173,"column":5}},"23":{"start":{"line":171,"column":8},"end":{"line":171,"column":41}},"24":{"start":{"line":172,"column":8},"end":{"line":172,"column":39}},"25":{"start":{"line":175,"column":43},"end":{"line":178,"column":5}},"26":{"start":{"line":176,"column":8},"end":{"line":176,"column":41}},"27":{"start":{"line":177,"column":8},"end":{"line":177,"column":39}},"28":{"start":{"line":179,"column":31},"end":{"line":183,"column":5}},"29":{"start":{"line":181,"column":8},"end":{"line":181,"column":29}},"30":{"start":{"line":182,"column":8},"end":{"line":182,"column":40}},"31":{"start":{"line":184,"column":31},"end":{"line":188,"column":5}},"32":{"start":{"line":185,"column":8},"end":{"line":185,"column":35}},"33":{"start":{"line":186,"column":8},"end":{"line":186,"column":47}},"34":{"start":{"line":187,"column":8},"end":{"line":187,"column":40}},"35":{"start":{"line":189,"column":31},"end":{"line":200,"column":5}},"36":{"start":{"line":190,"column":8},"end":{"line":199,"column":9}},"37":{"start":{"line":192,"column":12},"end":{"line":198,"column":13}},"38":{"start":{"line":193,"column":16},"end":{"line":193,"column":67}},"39":{"start":{"line":194,"column":16},"end":{"line":194,"column":46}},"40":{"start":{"line":196,"column":16},"end":{"line":196,"column":58}},"41":{"start":{"line":197,"column":16},"end":{"line":197,"column":33}},"42":{"start":{"line":202,"column":50},"end":{"line":202,"column":65}},"43":{"start":{"line":204,"column":4},"end":{"line":207,"column":17}},"44":{"start":{"line":206,"column":8},"end":{"line":206,"column":35}},"45":{"start":{"line":210,"column":39},"end":{"line":226,"column":5}},"46":{"start":{"line":213,"column":8},"end":{"line":213,"column":54}},"47":{"start":{"line":214,"column":28},"end":{"line":214,"column":67}},"48":{"start":{"line":215,"column":8},"end":{"line":224,"column":9}},"49":{"start":{"line":216,"column":12},"end":{"line":219,"column":15}},"50":{"start":{"line":221,"column":12},"end":{"line":223,"column":15}},"51":{"start":{"line":225,"column":8},"end":{"line":225,"column":41}},"52":{"start":{"line":230,"column":37},"end":{"line":236,"column":5}},"53":{"start":{"line":233,"column":8},"end":{"line":233,"column":46}},"54":{"start":{"line":234,"column":8},"end":{"line":234,"column":47}},"55":{"start":{"line":235,"column":8},"end":{"line":235,"column":41}},"56":{"start":{"line":239,"column":8},"end":{"line":242,"column":11}},"57":{"start":{"line":245,"column":8},"end":{"line":247,"column":9}},"58":{"start":{"line":246,"column":12},"end":{"line":246,"column":19}},"59":{"start":{"line":250,"column":8},"end":{"line":252,"column":9}},"60":{"start":{"line":251,"column":12},"end":{"line":251,"column":19}},"61":{"start":{"line":255,"column":8},"end":{"line":255,"column":59}},"62":{"start":{"line":256,"column":8},"end":{"line":256,"column":54}},"63":{"start":{"line":259,"column":25},"end":{"line":267,"column":5}},"64":{"start":{"line":260,"column":32},"end":{"line":260,"column":40}},"65":{"start":{"line":264,"column":8},"end":{"line":264,"column":52}},"66":{"start":{"line":266,"column":8},"end":{"line":266,"column":52}},"67":{"start":{"line":266,"column":26},"end":{"line":266,"column":49}},"68":{"start":{"line":269,"column":29},"end":{"line":297,"column":5}},"69":{"start":{"line":270,"column":8},"end":{"line":273,"column":9}},"70":{"start":{"line":271,"column":12},"end":{"line":271,"column":43}},"71":{"start":{"line":272,"column":12},"end":{"line":272,"column":19}},"72":{"start":{"line":275,"column":8},"end":{"line":275,"column":40}},"73":{"start":{"line":277,"column":8},"end":{"line":279,"column":10}},"74":{"start":{"line":280,"column":30},"end":{"line":283,"column":9}},"75":{"start":{"line":285,"column":8},"end":{"line":293,"column":9}},"76":{"start":{"line":286,"column":12},"end":{"line":288,"column":15}},"77":{"start":{"line":290,"column":12},"end":{"line":292,"column":15}},"78":{"start":{"line":294,"column":8},"end":{"line":294,"column":41}},"79":{"start":{"line":296,"column":8},"end":{"line":296,"column":29}},"80":{"start":{"line":299,"column":33},"end":{"line":329,"column":5}},"81":{"start":{"line":300,"column":8},"end":{"line":302,"column":9}},"82":{"start":{"line":301,"column":12},"end":{"line":301,"column":19}},"83":{"start":{"line":303,"column":8},"end":{"line":309,"column":9}},"84":{"start":{"line":307,"column":12},"end":{"line":307,"column":40}},"85":{"start":{"line":308,"column":12},"end":{"line":308,"column":19}},"86":{"start":{"line":312,"column":8},"end":{"line":312,"column":40}},"87":{"start":{"line":314,"column":8},"end":{"line":314,"column":67}},"88":{"start":{"line":315,"column":37},"end":{"line":315,"column":74}},"89":{"start":{"line":317,"column":8},"end":{"line":325,"column":9}},"90":{"start":{"line":318,"column":12},"end":{"line":320,"column":15}},"91":{"start":{"line":322,"column":12},"end":{"line":324,"column":15}},"92":{"start":{"line":326,"column":8},"end":{"line":326,"column":41}},"93":{"start":{"line":328,"column":8},"end":{"line":328,"column":47}},"94":{"start":{"line":331,"column":34},"end":{"line":341,"column":5}},"95":{"start":{"line":332,"column":26},"end":{"line":332,"column":34}},"96":{"start":{"line":334,"column":8},"end":{"line":338,"column":9}},"97":{"start":{"line":335,"column":12},"end":{"line":335,"column":42}},"98":{"start":{"line":337,"column":12},"end":{"line":337,"column":43}},"99":{"start":{"line":340,"column":8},"end":{"line":340,"column":32}},"100":{"start":{"line":343,"column":38},"end":{"line":352,"column":5}},"101":{"start":{"line":344,"column":26},"end":{"line":344,"column":34}},"102":{"start":{"line":346,"column":8},"end":{"line":350,"column":9}},"103":{"start":{"line":347,"column":12},"end":{"line":347,"column":39}},"104":{"start":{"line":349,"column":12},"end":{"line":349,"column":40}},"105":{"start":{"line":351,"column":8},"end":{"line":351,"column":50}},"106":{"start":{"line":354,"column":4},"end":{"line":556,"column":6}},"107":{"start":{"line":362,"column":40},"end":{"line":362,"column":60}},"108":{"start":{"line":384,"column":51},"end":{"line":384,"column":75}},"109":{"start":{"line":395,"column":40},"end":{"line":395,"column":60}},"110":{"start":{"line":417,"column":51},"end":{"line":417,"column":79}},"111":{"start":{"line":456,"column":40},"end":{"line":486,"column":48}},"112":{"start":{"line":464,"column":56},"end":{"line":466,"column":57}},"113":{"start":{"line":471,"column":56},"end":{"line":473,"column":57}},"114":{"start":{"line":478,"column":56},"end":{"line":480,"column":57}},"115":{"start":{"line":505,"column":43},"end":{"line":505,"column":71}},"116":{"start":{"line":510,"column":43},"end":{"line":510,"column":68}},"117":{"start":{"line":539,"column":59},"end":{"line":539,"column":74}},"118":{"start":{"line":545,"column":55},"end":{"line":545,"column":63}}},"fnMap":{"0":{"name":"(anonymous_0)","decl":{"start":{"line":140,"column":18},"end":{"line":140,"column":19}},"loc":{"start":{"line":140,"column":24},"end":{"line":557,"column":1}},"line":140},"1":{"name":"(anonymous_1)","decl":{"start":{"line":170,"column":43},"end":{"line":170,"column":44}},"loc":{"start":{"line":170,"column":57},"end":{"line":173,"column":5}},"line":170},"2":{"name":"(anonymous_2)","decl":{"start":{"line":175,"column":43},"end":{"line":175,"column":44}},"loc":{"start":{"line":175,"column":57},"end":{"line":178,"column":5}},"line":175},"3":{"name":"(anonymous_3)","decl":{"start":{"line":179,"column":31},"end":{"line":179,"column":32}},"loc":{"start":{"line":179,"column":37},"end":{"line":183,"column":5}},"line":179},"4":{"name":"(anonymous_4)","decl":{"start":{"line":184,"column":31},"end":{"line":184,"column":32}},"loc":{"start":{"line":184,"column":37},"end":{"line":188,"column":5}},"line":184},"5":{"name":"(anonymous_5)","decl":{"start":{"line":189,"column":31},"end":{"line":189,"column":32}},"loc":{"start":{"line":189,"column":53},"end":{"line":200,"column":5}},"line":189},"6":{"name":"(anonymous_6)","decl":{"start":{"line":204,"column":14},"end":{"line":204,"column":15}},"loc":{"start":{"line":204,"column":20},"end":{"line":207,"column":5}},"line":204},"7":{"name":"(anonymous_7)","decl":{"start":{"line":210,"column":39},"end":{"line":210,"column":40}},"loc":{"start":{"line":210,"column":63},"end":{"line":226,"column":5}},"line":210},"8":{"name":"(anonymous_8)","decl":{"start":{"line":230,"column":37},"end":{"line":230,"column":38}},"loc":{"start":{"line":230,"column":63},"end":{"line":236,"column":5}},"line":230},"9":{"name":"submit","decl":{"start":{"line":238,"column":19},"end":{"line":238,"column":25}},"loc":{"start":{"line":238,"column":28},"end":{"line":257,"column":5}},"line":238},"10":{"name":"(anonymous_10)","decl":{"start":{"line":259,"column":25},"end":{"line":259,"column":26}},"loc":{"start":{"line":259,"column":30},"end":{"line":267,"column":5}},"line":259},"11":{"name":"(anonymous_11)","decl":{"start":{"line":266,"column":20},"end":{"line":266,"column":21}},"loc":{"start":{"line":266,"column":26},"end":{"line":266,"column":49}},"line":266},"12":{"name":"(anonymous_12)","decl":{"start":{"line":269,"column":29},"end":{"line":269,"column":30}},"loc":{"start":{"line":269,"column":41},"end":{"line":297,"column":5}},"line":269},"13":{"name":"(anonymous_13)","decl":{"start":{"line":299,"column":33},"end":{"line":299,"column":34}},"loc":{"start":{"line":299,"column":45},"end":{"line":329,"column":5}},"line":299},"14":{"name":"(anonymous_14)","decl":{"start":{"line":331,"column":34},"end":{"line":331,"column":35}},"loc":{"start":{"line":331,"column":39},"end":{"line":341,"column":5}},"line":331},"15":{"name":"(anonymous_15)","decl":{"start":{"line":343,"column":38},"end":{"line":343,"column":39}},"loc":{"start":{"line":343,"column":43},"end":{"line":352,"column":5}},"line":343},"16":{"name":"(anonymous_16)","decl":{"start":{"line":362,"column":34},"end":{"line":362,"column":35}},"loc":{"start":{"line":362,"column":40},"end":{"line":362,"column":60}},"line":362},"17":{"name":"(anonymous_17)","decl":{"start":{"line":384,"column":46},"end":{"line":384,"column":47}},"loc":{"start":{"line":384,"column":51},"end":{"line":384,"column":75}},"line":384},"18":{"name":"(anonymous_18)","decl":{"start":{"line":395,"column":34},"end":{"line":395,"column":35}},"loc":{"start":{"line":395,"column":40},"end":{"line":395,"column":60}},"line":395},"19":{"name":"(anonymous_19)","decl":{"start":{"line":417,"column":46},"end":{"line":417,"column":47}},"loc":{"start":{"line":417,"column":51},"end":{"line":417,"column":79}},"line":417},"20":{"name":"(anonymous_20)","decl":{"start":{"line":455,"column":54},"end":{"line":455,"column":55}},"loc":{"start":{"line":456,"column":40},"end":{"line":486,"column":48}},"line":456},"21":{"name":"(anonymous_21)","decl":{"start":{"line":463,"column":61},"end":{"line":463,"column":62}},"loc":{"start":{"line":464,"column":56},"end":{"line":466,"column":57}},"line":464},"22":{"name":"(anonymous_22)","decl":{"start":{"line":470,"column":61},"end":{"line":470,"column":62}},"loc":{"start":{"line":471,"column":56},"end":{"line":473,"column":57}},"line":471},"23":{"name":"(anonymous_23)","decl":{"start":{"line":477,"column":61},"end":{"line":477,"column":62}},"loc":{"start":{"line":478,"column":56},"end":{"line":480,"column":57}},"line":478},"24":{"name":"(anonymous_24)","decl":{"start":{"line":505,"column":37},"end":{"line":505,"column":38}},"loc":{"start":{"line":505,"column":43},"end":{"line":505,"column":71}},"line":505},"25":{"name":"(anonymous_25)","decl":{"start":{"line":510,"column":37},"end":{"line":510,"column":38}},"loc":{"start":{"line":510,"column":43},"end":{"line":510,"column":68}},"line":510},"26":{"name":"(anonymous_26)","decl":{"start":{"line":539,"column":54},"end":{"line":539,"column":55}},"loc":{"start":{"line":539,"column":59},"end":{"line":539,"column":74}},"line":539},"27":{"name":"(anonymous_27)","decl":{"start":{"line":545,"column":49},"end":{"line":545,"column":50}},"loc":{"start":{"line":545,"column":55},"end":{"line":545,"column":63}},"line":545}},"branchMap":{"0":{"loc":{"start":{"line":190,"column":8},"end":{"line":199,"column":9}},"type":"if","locations":[{"start":{"line":190,"column":8},"end":{"line":199,"column":9}},{"start":{"line":190,"column":8},"end":{"line":199,"column":9}}],"line":190},"1":{"loc":{"start":{"line":215,"column":8},"end":{"line":224,"column":9}},"type":"if","locations":[{"start":{"line":215,"column":8},"end":{"line":224,"column":9}},{"start":{"line":215,"column":8},"end":{"line":224,"column":9}}],"line":215},"2":{"loc":{"start":{"line":245,"column":8},"end":{"line":247,"column":9}},"type":"if","locations":[{"start":{"line":245,"column":8},"end":{"line":247,"column":9}},{"start":{"line":245,"column":8},"end":{"line":247,"column":9}}],"line":245},"3":{"loc":{"start":{"line":250,"column":8},"end":{"line":252,"column":9}},"type":"if","locations":[{"start":{"line":250,"column":8},"end":{"line":252,"column":9}},{"start":{"line":250,"column":8},"end":{"line":252,"column":9}}],"line":250},"4":{"loc":{"start":{"line":270,"column":8},"end":{"line":273,"column":9}},"type":"if","locations":[{"start":{"line":270,"column":8},"end":{"line":273,"column":9}},{"start":{"line":270,"column":8},"end":{"line":273,"column":9}}],"line":270},"5":{"loc":{"start":{"line":270,"column":12},"end":{"line":270,"column":61}},"type":"binary-expr","locations":[{"start":{"line":270,"column":12},"end":{"line":270,"column":32}},{"start":{"line":270,"column":36},"end":{"line":270,"column":61}}],"line":270},"6":{"loc":{"start":{"line":285,"column":8},"end":{"line":293,"column":9}},"type":"if","locations":[{"start":{"line":285,"column":8},"end":{"line":293,"column":9}},{"start":{"line":285,"column":8},"end":{"line":293,"column":9}}],"line":285},"7":{"loc":{"start":{"line":300,"column":8},"end":{"line":302,"column":9}},"type":"if","locations":[{"start":{"line":300,"column":8},"end":{"line":302,"column":9}},{"start":{"line":300,"column":8},"end":{"line":302,"column":9}}],"line":300},"8":{"loc":{"start":{"line":303,"column":8},"end":{"line":309,"column":9}},"type":"if","locations":[{"start":{"line":303,"column":8},"end":{"line":309,"column":9}},{"start":{"line":303,"column":8},"end":{"line":309,"column":9}}],"line":303},"9":{"loc":{"start":{"line":317,"column":8},"end":{"line":325,"column":9}},"type":"if","locations":[{"start":{"line":317,"column":8},"end":{"line":325,"column":9}},{"start":{"line":317,"column":8},"end":{"line":325,"column":9}}],"line":317},"10":{"loc":{"start":{"line":334,"column":8},"end":{"line":338,"column":9}},"type":"if","locations":[{"start":{"line":334,"column":8},"end":{"line":338,"column":9}},{"start":{"line":334,"column":8},"end":{"line":338,"column":9}}],"line":334},"11":{"loc":{"start":{"line":334,"column":12},"end":{"line":334,"column":54}},"type":"binary-expr","locations":[{"start":{"line":334,"column":12},"end":{"line":334,"column":17}},{"start":{"line":334,"column":21},"end":{"line":334,"column":33}},{"start":{"line":334,"column":37},"end":{"line":334,"column":54}}],"line":334},"12":{"loc":{"start":{"line":346,"column":8},"end":{"line":350,"column":9}},"type":"if","locations":[{"start":{"line":346,"column":8},"end":{"line":350,"column":9}},{"start":{"line":346,"column":8},"end":{"line":350,"column":9}}],"line":346},"13":{"loc":{"start":{"line":346,"column":12},"end":{"line":346,"column":65}},"type":"binary-expr","locations":[{"start":{"line":346,"column":12},"end":{"line":346,"column":17}},{"start":{"line":346,"column":21},"end":{"line":346,"column":65}}],"line":346},"14":{"loc":{"start":{"line":357,"column":17},"end":{"line":389,"column":17}},"type":"binary-expr","locations":[{"start":{"line":357,"column":17},"end":{"line":357,"column":43}},{"start":{"line":358,"column":20},"end":{"line":388,"column":28}}],"line":357},"15":{"loc":{"start":{"line":367,"column":36},"end":{"line":370,"column":49}},"type":"cond-expr","locations":[{"start":{"line":369,"column":42},"end":{"line":369,"column":44}},{"start":{"line":370,"column":42},"end":{"line":370,"column":49}}],"line":367},"16":{"loc":{"start":{"line":367,"column":36},"end":{"line":368,"column":56}},"type":"binary-expr","locations":[{"start":{"line":367,"column":36},"end":{"line":367,"column":65}},{"start":{"line":368,"column":36},"end":{"line":368,"column":56}}],"line":367},"17":{"loc":{"start":{"line":373,"column":36},"end":{"line":376,"column":105}},"type":"cond-expr","locations":[{"start":{"line":375,"column":42},"end":{"line":375,"column":44}},{"start":{"line":376,"column":42},"end":{"line":376,"column":105}}],"line":373},"18":{"loc":{"start":{"line":373,"column":36},"end":{"line":374,"column":56}},"type":"binary-expr","locations":[{"start":{"line":373,"column":36},"end":{"line":373,"column":65}},{"start":{"line":374,"column":36},"end":{"line":374,"column":56}}],"line":373},"19":{"loc":{"start":{"line":390,"column":17},"end":{"line":422,"column":17}},"type":"binary-expr","locations":[{"start":{"line":390,"column":17},"end":{"line":390,"column":43}},{"start":{"line":391,"column":20},"end":{"line":421,"column":28}}],"line":390},"20":{"loc":{"start":{"line":400,"column":36},"end":{"line":403,"column":49}},"type":"cond-expr","locations":[{"start":{"line":402,"column":42},"end":{"line":402,"column":44}},{"start":{"line":403,"column":42},"end":{"line":403,"column":49}}],"line":400},"21":{"loc":{"start":{"line":400,"column":36},"end":{"line":401,"column":53}},"type":"binary-expr","locations":[{"start":{"line":400,"column":36},"end":{"line":400,"column":62}},{"start":{"line":401,"column":36},"end":{"line":401,"column":53}}],"line":400},"22":{"loc":{"start":{"line":406,"column":36},"end":{"line":409,"column":87}},"type":"cond-expr","locations":[{"start":{"line":408,"column":42},"end":{"line":408,"column":44}},{"start":{"line":409,"column":42},"end":{"line":409,"column":87}}],"line":406},"23":{"loc":{"start":{"line":406,"column":36},"end":{"line":407,"column":53}},"type":"binary-expr","locations":[{"start":{"line":406,"column":36},"end":{"line":406,"column":62}},{"start":{"line":407,"column":36},"end":{"line":407,"column":53}}],"line":406},"24":{"loc":{"start":{"line":433,"column":17},"end":{"line":443,"column":17}},"type":"binary-expr","locations":[{"start":{"line":433,"column":17},"end":{"line":433,"column":23}},{"start":{"line":433,"column":27},"end":{"line":433,"column":42}},{"start":{"line":434,"column":20},"end":{"line":442,"column":37}}],"line":433},"25":{"loc":{"start":{"line":437,"column":33},"end":{"line":439,"column":40}},"type":"cond-expr","locations":[{"start":{"line":438,"column":38},"end":{"line":438,"column":53}},{"start":{"line":439,"column":38},"end":{"line":439,"column":40}}],"line":437},"26":{"loc":{"start":{"line":437,"column":33},"end":{"line":437,"column":58}},"type":"binary-expr","locations":[{"start":{"line":437,"column":33},"end":{"line":437,"column":39}},{"start":{"line":437,"column":43},"end":{"line":437,"column":58}}],"line":437},"27":{"loc":{"start":{"line":445,"column":17},"end":{"line":492,"column":17}},"type":"binary-expr","locations":[{"start":{"line":445,"column":17},"end":{"line":445,"column":29}},{"start":{"line":445,"column":33},"end":{"line":445,"column":56}},{"start":{"line":446,"column":20},"end":{"line":491,"column":23}}],"line":445},"28":{"loc":{"start":{"line":495,"column":17},"end":{"line":553,"column":17}},"type":"cond-expr","locations":[{"start":{"line":496,"column":20},"end":{"line":501,"column":23}},{"start":{"line":503,"column":20},"end":{"line":552,"column":23}}],"line":495},"29":{"loc":{"start":{"line":514,"column":25},"end":{"line":551,"column":25}},"type":"binary-expr","locations":[{"start":{"line":514,"column":25},"end":{"line":514,"column":34}},{"start":{"line":515,"column":28},"end":{"line":550,"column":31}}],"line":514},"30":{"loc":{"start":{"line":523,"column":44},"end":{"line":526,"column":52}},"type":"cond-expr","locations":[{"start":{"line":525,"column":50},"end":{"line":525,"column":57}},{"start":{"line":526,"column":50},"end":{"line":526,"column":52}}],"line":523},"31":{"loc":{"start":{"line":523,"column":44},"end":{"line":524,"column":62}},"type":"binary-expr","locations":[{"start":{"line":523,"column":44},"end":{"line":523,"column":59}},{"start":{"line":524,"column":44},"end":{"line":524,"column":62}}],"line":523},"32":{"loc":{"start":{"line":529,"column":44},"end":{"line":532,"column":52}},"type":"cond-expr","locations":[{"start":{"line":531,"column":50},"end":{"line":531,"column":81}},{"start":{"line":532,"column":50},"end":{"line":532,"column":52}}],"line":529},"33":{"loc":{"start":{"line":529,"column":44},"end":{"line":530,"column":62}},"type":"binary-expr","locations":[{"start":{"line":529,"column":44},"end":{"line":529,"column":59}},{"start":{"line":530,"column":44},"end":{"line":530,"column":62}}],"line":529}},"s":{"0":1,"1":1,"2":1,"3":1,"4":1,"5":1,"6":1,"7":1,"8":2,"9":2,"10":2,"11":2,"12":2,"13":2,"14":2,"15":2,"16":2,"17":2,"18":2,"19":2,"20":2,"21":2,"22":2,"23":0,"24":0,"25":2,"26":0,"27":0,"28":2,"29":0,"30":0,"31":2,"32":0,"33":0,"34":0,"35":2,"36":2,"37":1,"38":1,"39":0,"40":1,"41":1,"42":2,"43":2,"44":2,"45":2,"46":0,"47":0,"48":0,"49":0,"50":0,"51":0,"52":2,"53":0,"54":0,"55":0,"56":0,"57":0,"58":0,"59":0,"60":0,"61":0,"62":0,"63":2,"64":0,"65":0,"66":0,"67":0,"68":2,"69":0,"70":0,"71":0,"72":0,"73":0,"74":0,"75":0,"76":0,"77":0,"78":0,"79":0,"80":2,"81":0,"82":0,"83":0,"84":0,"85":0,"86":0,"87":0,"88":0,"89":0,"90":0,"91":0,"92":0,"93":0,"94":2,"95":0,"96":0,"97":0,"98":0,"99":0,"100":2,"101":0,"102":0,"103":0,"104":0,"105":0,"106":2,"107":0,"108":0,"109":0,"110":0,"111":0,"112":0,"113":0,"114":0,"115":0,"116":0,"117":0,"118":0},"f":{"0":2,"1":0,"2":0,"3":0,"4":0,"5":2,"6":2,"7":0,"8":0,"9":0,"10":0,"11":0,"12":0,"13":0,"14":0,"15":0,"16":0,"17":0,"18":0,"19":0,"20":0,"21":0,"22":0,"23":0,"24":0,"25":0,"26":0,"27":0},"b":{"0":[1,1],"1":[0,0],"2":[0,0],"3":[0,0],"4":[0,0],"5":[0,0],"6":[0,0],"7":[0,0],"8":[0,0],"9":[0,0],"10":[0,0],"11":[0,0,0],"12":[0,0],"13":[0,0],"14":[2,0],"15":[0,0],"16":[0,0],"17":[0,0],"18":[0,0],"19":[2,0],"20":[0,0],"21":[0,0],"22":[0,0],"23":[0,0],"24":[2,1,1],"25":[1,0],"26":[1,1],"27":[2,2,0],"28":[0,2],"29":[2,0],"30":[0,0],"31":[0,0],"32":[0,0],"33":[0,0]},"_coverageSchema":"1a1c01bbd47fc00a2c39e90264f33305004495a9","hash":"7b4d8b2d0fa630cce8ca0f665cfa5a381fd22340"}
,"/Users/alcipir/Repos/bitcoin-abc/web/cashtab/src/components/OnBoarding/OnBoarding.js": {"path":"/Users/alcipir/Repos/bitcoin-abc/web/cashtab/src/components/OnBoarding/OnBoarding.js","statementMap":{"0":{"start":{"line":19,"column":27},"end":{"line":25,"column":1}},"1":{"start":{"line":27,"column":26},"end":{"line":136,"column":1}},"2":{"start":{"line":28,"column":25},"end":{"line":28,"column":56}},"3":{"start":{"line":29,"column":47},"end":{"line":29,"column":59}},"4":{"start":{"line":30,"column":36},"end":{"line":33,"column":6}},"5":{"start":{"line":35,"column":39},"end":{"line":35,"column":54}},"6":{"start":{"line":36,"column":50},"end":{"line":36,"column":65}},"7":{"start":{"line":37,"column":24},"end":{"line":37,"column":29}},"8":{"start":{"line":40,"column":8},"end":{"line":43,"column":11}},"9":{"start":{"line":45,"column":8},"end":{"line":47,"column":9}},"10":{"start":{"line":46,"column":12},"end":{"line":46,"column":19}},"11":{"start":{"line":50,"column":8},"end":{"line":50,"column":60}},"12":{"start":{"line":51,"column":8},"end":{"line":51,"column":40}},"13":{"start":{"line":54,"column":25},"end":{"line":62,"column":5}},"14":{"start":{"line":55,"column":32},"end":{"line":55,"column":40}},"15":{"start":{"line":59,"column":8},"end":{"line":59,"column":52}},"16":{"start":{"line":61,"column":8},"end":{"line":61,"column":52}},"17":{"start":{"line":61,"column":26},"end":{"line":61,"column":49}},"18":{"start":{"line":65,"column":8},"end":{"line":76,"column":11}},"19":{"start":{"line":73,"column":16},"end":{"line":73,"column":63}},"20":{"start":{"line":74,"column":16},"end":{"line":74,"column":31}},"21":{"start":{"line":79,"column":4},"end":{"line":135,"column":6}},"22":{"start":{"line":94,"column":42},"end":{"line":94,"column":66}},"23":{"start":{"line":98,"column":44},"end":{"line":98,"column":69}},"24":{"start":{"line":120,"column":47},"end":{"line":120,"column":62}},"25":{"start":{"line":127,"column":43},"end":{"line":127,"column":51}}},"fnMap":{"0":{"name":"(anonymous_0)","decl":{"start":{"line":27,"column":26},"end":{"line":27,"column":27}},"loc":{"start":{"line":27,"column":43},"end":{"line":136,"column":1}},"line":27},"1":{"name":"submit","decl":{"start":{"line":39,"column":19},"end":{"line":39,"column":25}},"loc":{"start":{"line":39,"column":28},"end":{"line":52,"column":5}},"line":39},"2":{"name":"(anonymous_2)","decl":{"start":{"line":54,"column":25},"end":{"line":54,"column":26}},"loc":{"start":{"line":54,"column":30},"end":{"line":62,"column":5}},"line":54},"3":{"name":"(anonymous_3)","decl":{"start":{"line":61,"column":20},"end":{"line":61,"column":21}},"loc":{"start":{"line":61,"column":26},"end":{"line":61,"column":49}},"line":61},"4":{"name":"showBackupConfirmModal","decl":{"start":{"line":64,"column":13},"end":{"line":64,"column":35}},"loc":{"start":{"line":64,"column":38},"end":{"line":77,"column":5}},"line":64},"5":{"name":"(anonymous_5)","decl":{"start":{"line":70,"column":12},"end":{"line":70,"column":13}},"loc":{"start":{"line":70,"column":19},"end":{"line":75,"column":13}},"line":70},"6":{"name":"(anonymous_6)","decl":{"start":{"line":94,"column":36},"end":{"line":94,"column":37}},"loc":{"start":{"line":94,"column":42},"end":{"line":94,"column":66}},"line":94},"7":{"name":"(anonymous_7)","decl":{"start":{"line":98,"column":38},"end":{"line":98,"column":39}},"loc":{"start":{"line":98,"column":44},"end":{"line":98,"column":69}},"line":98},"8":{"name":"(anonymous_8)","decl":{"start":{"line":120,"column":42},"end":{"line":120,"column":43}},"loc":{"start":{"line":120,"column":47},"end":{"line":120,"column":62}},"line":120},"9":{"name":"(anonymous_9)","decl":{"start":{"line":127,"column":37},"end":{"line":127,"column":38}},"loc":{"start":{"line":127,"column":43},"end":{"line":127,"column":51}},"line":127}},"branchMap":{"0":{"loc":{"start":{"line":45,"column":8},"end":{"line":47,"column":9}},"type":"if","locations":[{"start":{"line":45,"column":8},"end":{"line":47,"column":9}},{"start":{"line":45,"column":8},"end":{"line":47,"column":9}}],"line":45},"1":{"loc":{"start":{"line":101,"column":13},"end":{"line":133,"column":13}},"type":"binary-expr","locations":[{"start":{"line":101,"column":13},"end":{"line":101,"column":22}},{"start":{"line":102,"column":16},"end":{"line":132,"column":35}}],"line":101},"2":{"loc":{"start":{"line":106,"column":32},"end":{"line":108,"column":40}},"type":"cond-expr","locations":[{"start":{"line":107,"column":38},"end":{"line":107,"column":45}},{"start":{"line":108,"column":38},"end":{"line":108,"column":40}}],"line":106},"3":{"loc":{"start":{"line":106,"column":32},"end":{"line":106,"column":69}},"type":"binary-expr","locations":[{"start":{"line":106,"column":32},"end":{"line":106,"column":47}},{"start":{"line":106,"column":51},"end":{"line":106,"column":69}}],"line":106},"4":{"loc":{"start":{"line":111,"column":32},"end":{"line":113,"column":40}},"type":"cond-expr","locations":[{"start":{"line":112,"column":38},"end":{"line":112,"column":75}},{"start":{"line":113,"column":38},"end":{"line":113,"column":40}}],"line":111},"5":{"loc":{"start":{"line":111,"column":32},"end":{"line":111,"column":70}},"type":"binary-expr","locations":[{"start":{"line":111,"column":32},"end":{"line":111,"column":50}},{"start":{"line":111,"column":54},"end":{"line":111,"column":70}}],"line":111}},"s":{"0":1,"1":1,"2":1,"3":1,"4":1,"5":1,"6":1,"7":1,"8":0,"9":0,"10":0,"11":0,"12":0,"13":1,"14":0,"15":0,"16":0,"17":0,"18":0,"19":0,"20":0,"21":1,"22":0,"23":0,"24":0,"25":0},"f":{"0":1,"1":0,"2":0,"3":0,"4":0,"5":0,"6":0,"7":0,"8":0,"9":0},"b":{"0":[0,0],"1":[1,0],"2":[0,0],"3":[0,0],"4":[0,0],"5":[0,0]},"_coverageSchema":"1a1c01bbd47fc00a2c39e90264f33305004495a9","hash":"8c5cd0ff2e11ddb69dcf0dfafe74b85da7d8ae78"}
,"/Users/alcipir/Repos/bitcoin-abc/web/cashtab/src/components/Send/Send.js": {"path":"/Users/alcipir/Repos/bitcoin-abc/web/cashtab/src/components/Send/Send.js","statementMap":{"0":{"start":{"line":20,"column":29},"end":{"line":35,"column":1}},"1":{"start":{"line":37,"column":33},"end":{"line":46,"column":1}},"2":{"start":{"line":48,"column":33},"end":{"line":53,"column":1}},"3":{"start":{"line":55,"column":22},"end":{"line":64,"column":1}},"4":{"start":{"line":66,"column":16},"end":{"line":449,"column":1}},"5":{"start":{"line":73,"column":8},"end":{"line":73,"column":39}},"6":{"start":{"line":77,"column":22},"end":{"line":77,"column":43}},"7":{"start":{"line":79,"column":29},"end":{"line":79,"column":77}},"8":{"start":{"line":81,"column":36},"end":{"line":85,"column":6}},"9":{"start":{"line":86,"column":34},"end":{"line":86,"column":49}},"10":{"start":{"line":87,"column":56},"end":{"line":87,"column":71}},"11":{"start":{"line":88,"column":52},"end":{"line":88,"column":77}},"12":{"start":{"line":91,"column":46},"end":{"line":91,"column":61}},"13":{"start":{"line":94,"column":48},"end":{"line":94,"column":63}},"14":{"start":{"line":96,"column":22},"end":{"line":98,"column":5}},"15":{"start":{"line":97,"column":8},"end":{"line":97,"column":32}},"16":{"start":{"line":100,"column":21},"end":{"line":103,"column":5}},"17":{"start":{"line":101,"column":8},"end":{"line":101,"column":33}},"18":{"start":{"line":102,"column":8},"end":{"line":102,"column":17}},"19":{"start":{"line":105,"column":25},"end":{"line":107,"column":5}},"20":{"start":{"line":106,"column":8},"end":{"line":106,"column":33}},"21":{"start":{"line":109,"column":53},"end":{"line":109,"column":61}},"22":{"start":{"line":110,"column":16},"end":{"line":110,"column":24}},"23":{"start":{"line":114,"column":4},"end":{"line":116,"column":32}},"24":{"start":{"line":115,"column":8},"end":{"line":115,"column":26}},"25":{"start":{"line":118,"column":4},"end":{"line":144,"column":11}},"26":{"start":{"line":122,"column":8},"end":{"line":129,"column":9}},"27":{"start":{"line":127,"column":12},"end":{"line":127,"column":45}},"28":{"start":{"line":128,"column":12},"end":{"line":128,"column":19}},"29":{"start":{"line":131,"column":26},"end":{"line":131,"column":71}},"30":{"start":{"line":134,"column":23},"end":{"line":134,"column":25}},"31":{"start":{"line":135,"column":8},"end":{"line":140,"column":9}},"32":{"start":{"line":135,"column":21},"end":{"line":135,"column":22}},"33":{"start":{"line":136,"column":33},"end":{"line":136,"column":56}},"34":{"start":{"line":137,"column":22},"end":{"line":137,"column":39}},"35":{"start":{"line":138,"column":24},"end":{"line":138,"column":41}},"36":{"start":{"line":139,"column":12},"end":{"line":139,"column":32}},"37":{"start":{"line":141,"column":8},"end":{"line":141,"column":55}},"38":{"start":{"line":142,"column":8},"end":{"line":142,"column":33}},"39":{"start":{"line":143,"column":8},"end":{"line":143,"column":37}},"40":{"start":{"line":147,"column":8},"end":{"line":149,"column":9}},"41":{"start":{"line":148,"column":12},"end":{"line":148,"column":74}},"42":{"start":{"line":153,"column":8},"end":{"line":156,"column":11}},"43":{"start":{"line":158,"column":8},"end":{"line":164,"column":9}},"44":{"start":{"line":163,"column":12},"end":{"line":163,"column":19}},"45":{"start":{"line":169,"column":8},"end":{"line":169,"column":51}},"46":{"start":{"line":171,"column":8},"end":{"line":171,"column":25}},"47":{"start":{"line":172,"column":35},"end":{"line":172,"column":43}},"48":{"start":{"line":175,"column":23},"end":{"line":175,"column":28}},"49":{"start":{"line":177,"column":8},"end":{"line":179,"column":9}},"50":{"start":{"line":178,"column":12},"end":{"line":178,"column":54}},"51":{"start":{"line":181,"column":8},"end":{"line":235,"column":9}},"52":{"start":{"line":182,"column":25},"end":{"line":191,"column":13}},"53":{"start":{"line":193,"column":12},"end":{"line":204,"column":15}},"54":{"start":{"line":207,"column":12},"end":{"line":207,"column":30}},"55":{"start":{"line":210,"column":12},"end":{"line":227,"column":13}},"56":{"start":{"line":211,"column":16},"end":{"line":211,"column":82}},"57":{"start":{"line":212,"column":19},"end":{"line":227,"column":13}},"58":{"start":{"line":217,"column":16},"end":{"line":217,"column":78}},"59":{"start":{"line":218,"column":19},"end":{"line":227,"column":13}},"60":{"start":{"line":224,"column":16},"end":{"line":224,"column":213}},"61":{"start":{"line":226,"column":16},"end":{"line":226,"column":68}},"62":{"start":{"line":229,"column":12},"end":{"line":233,"column":15}},"63":{"start":{"line":234,"column":12},"end":{"line":234,"column":29}},"64":{"start":{"line":238,"column":25},"end":{"line":242,"column":5}},"65":{"start":{"line":239,"column":32},"end":{"line":239,"column":40}},"66":{"start":{"line":241,"column":8},"end":{"line":241,"column":52}},"67":{"start":{"line":241,"column":26},"end":{"line":241,"column":49}},"68":{"start":{"line":244,"column":41},"end":{"line":248,"column":5}},"69":{"start":{"line":245,"column":8},"end":{"line":245,"column":31}},"70":{"start":{"line":247,"column":8},"end":{"line":247,"column":48}},"71":{"start":{"line":247,"column":26},"end":{"line":247,"column":45}},"72":{"start":{"line":250,"column":34},"end":{"line":276,"column":5}},"73":{"start":{"line":251,"column":32},"end":{"line":251,"column":40}},"74":{"start":{"line":252,"column":20},"end":{"line":252,"column":25}},"75":{"start":{"line":253,"column":23},"end":{"line":253,"column":28}},"76":{"start":{"line":255,"column":8},"end":{"line":257,"column":9}},"77":{"start":{"line":256,"column":12},"end":{"line":256,"column":54}},"78":{"start":{"line":260,"column":8},"end":{"line":272,"column":9}},"79":{"start":{"line":261,"column":12},"end":{"line":261,"column":46}},"80":{"start":{"line":262,"column":15},"end":{"line":272,"column":9}},"81":{"start":{"line":263,"column":12},"end":{"line":263,"column":52}},"82":{"start":{"line":264,"column":15},"end":{"line":272,"column":9}},"83":{"start":{"line":265,"column":12},"end":{"line":265,"column":78}},"84":{"start":{"line":266,"column":15},"end":{"line":272,"column":9}},"85":{"start":{"line":267,"column":12},"end":{"line":267,"column":75}},"86":{"start":{"line":268,"column":15},"end":{"line":272,"column":9}},"87":{"start":{"line":269,"column":12},"end":{"line":271,"column":13}},"88":{"start":{"line":270,"column":16},"end":{"line":270,"column":100}},"89":{"start":{"line":273,"column":8},"end":{"line":273,"column":37}},"90":{"start":{"line":275,"column":8},"end":{"line":275,"column":52}},"91":{"start":{"line":275,"column":26},"end":{"line":275,"column":49}},"92":{"start":{"line":278,"column":18},"end":{"line":303,"column":5}},"93":{"start":{"line":280,"column":8},"end":{"line":280,"column":37}},"94":{"start":{"line":282,"column":8},"end":{"line":282,"column":45}},"95":{"start":{"line":283,"column":8},"end":{"line":302,"column":9}},"96":{"start":{"line":284,"column":30},"end":{"line":284,"column":75}},"97":{"start":{"line":286,"column":29},"end":{"line":286,"column":44}},"98":{"start":{"line":288,"column":16},"end":{"line":290,"column":23}},"99":{"start":{"line":292,"column":12},"end":{"line":295,"column":15}},"100":{"start":{"line":297,"column":12},"end":{"line":297,"column":43}},"101":{"start":{"line":298,"column":12},"end":{"line":298,"column":29}},"102":{"start":{"line":299,"column":12},"end":{"line":301,"column":14}},"103":{"start":{"line":305,"column":26},"end":{"line":305,"column":28}},"104":{"start":{"line":306,"column":4},"end":{"line":316,"column":5}},"105":{"start":{"line":307,"column":8},"end":{"line":315,"column":9}},"106":{"start":{"line":308,"column":12},"end":{"line":310,"column":20}},"107":{"start":{"line":312,"column":12},"end":{"line":314,"column":35}},"108":{"start":{"line":318,"column":4},"end":{"line":448,"column":6}},"109":{"start":{"line":372,"column":36},"end":{"line":375,"column":38}},"110":{"start":{"line":381,"column":51},"end":{"line":381,"column":66}},"111":{"start":{"line":398,"column":51},"end":{"line":398,"column":75}},"112":{"start":{"line":405,"column":40},"end":{"line":405,"column":71}},"113":{"start":{"line":418,"column":63},"end":{"line":418,"column":74}},"114":{"start":{"line":424,"column":63},"end":{"line":424,"column":71}}},"fnMap":{"0":{"name":"(anonymous_0)","decl":{"start":{"line":66,"column":16},"end":{"line":66,"column":17}},"loc":{"start":{"line":66,"column":53},"end":{"line":449,"column":1}},"line":66},"1":{"name":"(anonymous_1)","decl":{"start":{"line":96,"column":22},"end":{"line":96,"column":23}},"loc":{"start":{"line":96,"column":28},"end":{"line":98,"column":5}},"line":96},"2":{"name":"(anonymous_2)","decl":{"start":{"line":100,"column":21},"end":{"line":100,"column":22}},"loc":{"start":{"line":100,"column":27},"end":{"line":103,"column":5}},"line":100},"3":{"name":"(anonymous_3)","decl":{"start":{"line":105,"column":25},"end":{"line":105,"column":26}},"loc":{"start":{"line":105,"column":31},"end":{"line":107,"column":5}},"line":105},"4":{"name":"(anonymous_4)","decl":{"start":{"line":114,"column":14},"end":{"line":114,"column":15}},"loc":{"start":{"line":114,"column":20},"end":{"line":116,"column":5}},"line":114},"5":{"name":"(anonymous_5)","decl":{"start":{"line":118,"column":14},"end":{"line":118,"column":15}},"loc":{"start":{"line":118,"column":20},"end":{"line":144,"column":5}},"line":118},"6":{"name":"populateFormsFromUrl","decl":{"start":{"line":146,"column":13},"end":{"line":146,"column":33}},"loc":{"start":{"line":146,"column":42},"end":{"line":150,"column":5}},"line":146},"7":{"name":"submit","decl":{"start":{"line":152,"column":19},"end":{"line":152,"column":25}},"loc":{"start":{"line":152,"column":28},"end":{"line":236,"column":5}},"line":152},"8":{"name":"(anonymous_8)","decl":{"start":{"line":238,"column":25},"end":{"line":238,"column":26}},"loc":{"start":{"line":238,"column":30},"end":{"line":242,"column":5}},"line":238},"9":{"name":"(anonymous_9)","decl":{"start":{"line":241,"column":20},"end":{"line":241,"column":21}},"loc":{"start":{"line":241,"column":26},"end":{"line":241,"column":49}},"line":241},"10":{"name":"(anonymous_10)","decl":{"start":{"line":244,"column":41},"end":{"line":244,"column":42}},"loc":{"start":{"line":244,"column":46},"end":{"line":248,"column":5}},"line":244},"11":{"name":"(anonymous_11)","decl":{"start":{"line":247,"column":20},"end":{"line":247,"column":21}},"loc":{"start":{"line":247,"column":26},"end":{"line":247,"column":45}},"line":247},"12":{"name":"(anonymous_12)","decl":{"start":{"line":250,"column":34},"end":{"line":250,"column":35}},"loc":{"start":{"line":250,"column":39},"end":{"line":276,"column":5}},"line":250},"13":{"name":"(anonymous_13)","decl":{"start":{"line":275,"column":20},"end":{"line":275,"column":21}},"loc":{"start":{"line":275,"column":26},"end":{"line":275,"column":49}},"line":275},"14":{"name":"(anonymous_14)","decl":{"start":{"line":278,"column":18},"end":{"line":278,"column":19}},"loc":{"start":{"line":278,"column":30},"end":{"line":303,"column":5}},"line":278},"15":{"name":"(anonymous_15)","decl":{"start":{"line":371,"column":40},"end":{"line":371,"column":41}},"loc":{"start":{"line":372,"column":36},"end":{"line":375,"column":38}},"line":372},"16":{"name":"(anonymous_16)","decl":{"start":{"line":381,"column":46},"end":{"line":381,"column":47}},"loc":{"start":{"line":381,"column":51},"end":{"line":381,"column":66}},"line":381},"17":{"name":"(anonymous_17)","decl":{"start":{"line":398,"column":46},"end":{"line":398,"column":47}},"loc":{"start":{"line":398,"column":51},"end":{"line":398,"column":75}},"line":
[...]
tart":{"line":933,"column":24},"end":{"line":933,"column":34}},{"start":{"line":934,"column":24},"end":{"line":934,"column":36}},{"start":{"line":935,"column":24},"end":{"line":935,"column":43}},{"start":{"line":936,"column":24},"end":{"line":936,"column":40}}],"line":933},"57":{"loc":{"start":{"line":941,"column":28},"end":{"line":948,"column":29}},"type":"if","locations":[{"start":{"line":941,"column":28},"end":{"line":948,"column":29}},{"start":{"line":941,"column":28},"end":{"line":948,"column":29}}],"line":941},"58":{"loc":{"start":{"line":942,"column":32},"end":{"line":943,"column":70}},"type":"binary-expr","locations":[{"start":{"line":942,"column":32},"end":{"line":942,"column":71}},{"start":{"line":943,"column":32},"end":{"line":943,"column":70}}],"line":942},"59":{"loc":{"start":{"line":954,"column":28},"end":{"line":958,"column":29}},"type":"if","locations":[{"start":{"line":954,"column":28},"end":{"line":958,"column":29}},{"start":{"line":954,"column":28},"end":{"line":958,"column":29}}],"line":954},"60":{"loc":{"start":{"line":959,"column":28},"end":{"line":966,"column":29}},"type":"if","locations":[{"start":{"line":959,"column":28},"end":{"line":966,"column":29}},{"start":{"line":959,"column":28},"end":{"line":966,"column":29}}],"line":959},"61":{"loc":{"start":{"line":983,"column":20},"end":{"line":993,"column":21}},"type":"if","locations":[{"start":{"line":983,"column":20},"end":{"line":993,"column":21}},{"start":{"line":983,"column":20},"end":{"line":993,"column":21}}],"line":983},"62":{"loc":{"start":{"line":1064,"column":16},"end":{"line":1100,"column":17}},"type":"if","locations":[{"start":{"line":1064,"column":16},"end":{"line":1100,"column":17}},{"start":{"line":1064,"column":16},"end":{"line":1100,"column":17}}],"line":1064},"63":{"loc":{"start":{"line":1065,"column":20},"end":{"line":1068,"column":36}},"type":"binary-expr","locations":[{"start":{"line":1065,"column":20},"end":{"line":1065,"column":30}},{"start":{"line":1066,"column":20},"end":{"line":1066,"column":32}},{"start":{"line":1067,"column":20},"end":{"line":1067,"column":39}},{"start":{"line":1068,"column":20},"end":{"line":1068,"column":36}}],"line":1065},"64":{"loc":{"start":{"line":1073,"column":24},"end":{"line":1080,"column":25}},"type":"if","locations":[{"start":{"line":1073,"column":24},"end":{"line":1080,"column":25}},{"start":{"line":1073,"column":24},"end":{"line":1080,"column":25}}],"line":1073},"65":{"loc":{"start":{"line":1074,"column":28},"end":{"line":1075,"column":66}},"type":"binary-expr","locations":[{"start":{"line":1074,"column":28},"end":{"line":1074,"column":67}},{"start":{"line":1075,"column":28},"end":{"line":1075,"column":66}}],"line":1074},"66":{"loc":{"start":{"line":1086,"column":24},"end":{"line":1090,"column":25}},"type":"if","locations":[{"start":{"line":1086,"column":24},"end":{"line":1090,"column":25}},{"start":{"line":1086,"column":24},"end":{"line":1090,"column":25}}],"line":1086},"67":{"loc":{"start":{"line":1091,"column":24},"end":{"line":1098,"column":25}},"type":"if","locations":[{"start":{"line":1091,"column":24},"end":{"line":1098,"column":25}},{"start":{"line":1091,"column":24},"end":{"line":1098,"column":25}}],"line":1091},"68":{"loc":{"start":{"line":1115,"column":16},"end":{"line":1125,"column":17}},"type":"if","locations":[{"start":{"line":1115,"column":16},"end":{"line":1125,"column":17}},{"start":{"line":1115,"column":16},"end":{"line":1125,"column":17}}],"line":1115},"69":{"loc":{"start":{"line":1166,"column":8},"end":{"line":1179,"column":9}},"type":"if","locations":[{"start":{"line":1166,"column":8},"end":{"line":1179,"column":9}},{"start":{"line":1166,"column":8},"end":{"line":1179,"column":9}}],"line":1166},"70":{"loc":{"start":{"line":1167,"column":12},"end":{"line":1171,"column":38}},"type":"binary-expr","locations":[{"start":{"line":1167,"column":12},"end":{"line":1167,"column":18}},{"start":{"line":1168,"column":12},"end":{"line":1168,"column":26}},{"start":{"line":1169,"column":12},"end":{"line":1169,"column":38}},{"start":{"line":1170,"column":12},"end":{"line":1170,"column":26}},{"start":{"line":1171,"column":12},"end":{"line":1171,"column":38}}],"line":1167},"71":{"loc":{"start":{"line":1173,"column":12},"end":{"line":1178,"column":13}},"type":"if","locations":[{"start":{"line":1173,"column":12},"end":{"line":1178,"column":13}},{"start":{"line":1173,"column":12},"end":{"line":1178,"column":13}}],"line":1173}},"s":{"0":3,"1":8,"2":8,"3":8,"4":8,"5":8,"6":8,"7":8,"8":8,"9":8,"10":8,"11":8,"12":8,"13":8,"14":8,"15":8,"16":8,"17":1,"18":1,"19":1,"20":1,"21":1,"22":1,"23":0,"24":0,"25":1,"26":1,"27":1,"28":0,"29":0,"30":1,"31":1,"32":1,"33":8,"34":0,"35":0,"36":0,"37":0,"38":0,"39":0,"40":8,"41":0,"42":0,"43":0,"44":8,"45":2,"46":2,"47":2,"48":2,"49":8,"50":0,"51":0,"52":0,"53":0,"54":0,"55":0,"56":0,"57":0,"58":0,"59":0,"60":8,"61":2,"62":2,"63":1,"64":1,"65":1,"66":0,"67":0,"68":0,"69":0,"70":0,"71":0,"72":0,"73":0,"74":0,"75":0,"76":0,"77":0,"78":0,"79":0,"80":0,"81":0,"82":0,"83":0,"84":0,"85":0,"86":0,"87":1,"88":1,"89":1,"90":1,"91":1,"92":8,"93":4,"94":4,"95":0,"96":0,"97":4,"98":8,"99":4,"100":4,"101":4,"102":0,"103":0,"104":4,"105":2,"106":2,"107":2,"108":2,"109":0,"110":0,"111":0,"112":0,"113":4,"114":2,"115":2,"116":2,"117":4,"118":8,"119":2,"120":2,"121":2,"122":2,"123":2,"124":2,"125":1,"126":1,"127":2,"128":2,"129":2,"130":2,"131":0,"132":0,"133":2,"134":8,"135":2,"136":2,"137":0,"138":0,"139":0,"140":0,"141":0,"142":0,"143":0,"144":0,"145":0,"146":0,"147":0,"148":0,"149":0,"150":8,"151":0,"152":0,"153":0,"154":0,"155":0,"156":0,"157":0,"158":0,"159":0,"160":0,"161":0,"162":0,"163":8,"164":0,"165":0,"166":0,"167":0,"168":0,"169":0,"170":0,"171":0,"172":0,"173":0,"174":0,"175":0,"176":0,"177":0,"178":0,"179":0,"180":0,"181":0,"182":0,"183":0,"184":0,"185":0,"186":0,"187":0,"188":0,"189":0,"190":0,"191":0,"192":0,"193":0,"194":0,"195":0,"196":0,"197":0,"198":0,"199":0,"200":0,"201":0,"202":8,"203":0,"204":0,"205":0,"206":0,"207":0,"208":0,"209":0,"210":0,"211":0,"212":0,"213":0,"214":0,"215":0,"216":0,"217":0,"218":0,"219":0,"220":0,"221":8,"222":0,"223":0,"224":0,"225":0,"226":0,"227":0,"228":0,"229":0,"230":0,"231":0,"232":0,"233":0,"234":0,"235":0,"236":0,"237":0,"238":0,"239":0,"240":0,"241":8,"242":0,"243":0,"244":0,"245":0,"246":0,"247":0,"248":0,"249":0,"250":0,"251":0,"252":0,"253":0,"254":0,"255":0,"256":0,"257":0,"258":0,"259":0,"260":0,"261":0,"262":0,"263":0,"264":0,"265":0,"266":8,"267":0,"268":0,"269":0,"270":0,"271":0,"272":0,"273":0,"274":0,"275":0,"276":0,"277":0,"278":0,"279":8,"280":0,"281":0,"282":0,"283":0,"284":0,"285":0,"286":0,"287":8,"288":2,"289":2,"290":8,"291":0,"292":8,"293":0,"294":0,"295":0,"296":0,"297":0,"298":0,"299":0,"300":0,"301":0,"302":0,"303":0,"304":0,"305":0,"306":0,"307":0,"308":0,"309":0,"310":0,"311":0,"312":0,"313":0,"314":0,"315":0,"316":0,"317":0,"318":8,"319":2,"320":8,"321":2,"322":2,"323":2,"324":8,"325":0,"326":0,"327":0,"328":0,"329":0,"330":0,"331":0,"332":0,"333":0,"334":0,"335":0,"336":0,"337":0,"338":0,"339":0,"340":0,"341":0,"342":0,"343":0,"344":0,"345":0,"346":0,"347":0,"348":0,"349":0,"350":0,"351":0,"352":0,"353":0,"354":0,"355":0,"356":0,"357":0,"358":0,"359":0,"360":0,"361":0,"362":0,"363":0,"364":0,"365":0,"366":0,"367":0,"368":0,"369":0,"370":0,"371":0,"372":0,"373":0,"374":0,"375":0,"376":0,"377":0,"378":0,"379":0,"380":0,"381":0,"382":0,"383":0,"384":0,"385":0,"386":0,"387":0,"388":0,"389":0,"390":0,"391":0,"392":0,"393":0,"394":0,"395":0,"396":0,"397":0,"398":0,"399":0,"400":0,"401":8,"402":4,"403":4,"404":4,"405":4,"406":4,"407":0,"408":0,"409":0,"410":0,"411":0,"412":0,"413":0,"414":0,"415":8,"416":2,"417":2,"418":8,"419":3,"420":1,"421":0,"422":8,"423":0,"424":0,"425":0,"426":0,"427":0,"428":0,"429":0,"430":0,"431":0,"432":0,"433":0},"f":{"0":8,"1":1,"2":0,"3":0,"4":0,"5":0,"6":0,"7":2,"8":0,"9":2,"10":4,"11":4,"12":2,"13":2,"14":0,"15":0,"16":0,"17":0,"18":0,"19":0,"20":0,"21":2,"22":0,"23":0,"24":0,"25":0,"26":2,"27":2,"28":2,"29":0,"30":0,"31":0,"32":0,"33":0,"34":0,"35":4,"36":2,"37":3,"38":0,"39":0,"40":0,"41":0,"42":0},"b":{"0":[0,1],"1":[1,0],"2":[0,0],"3":[0,0],"4":[0,0],"5":[0,0],"6":[0,0],"7":[0,0],"8":[1,1],"9":[0,0],"10":[0,0,0,0],"11":[0,0],"12":[0,0],"13":[0,4],"14":[4,2],"15":[2,2],"16":[0,2],"17":[2,2],"18":[4,2],"19":[1,1],"20":[2,0],"21":[0,0],"22":[0,0],"23":[0,0],"24":[0,0],"25":[0,0],"26":[0,0,0],"27":[0,0],"28":[0,0],"29":[0,0],"30":[0,0],"31":[0,0],"32":[0,0],"33":[0,0],"34":[0,0],"35":[0,0],"36":[0,0],"37":[0,0],"38":[0,0],"39":[0,0],"40":[0,0],"41":[0,0],"42":[0],"43":[0,0],"44":[0,8],"45":[8,0,8,6,6,0,0],"46":[0,8],"47":[8,8,0,0,0,0],"48":[0,0],"49":[0,0],"50":[0,0],"51":[0,0],"52":[0,0],"53":[0,0],"54":[0,0],"55":[0,0],"56":[0,0,0,0],"57":[0,0],"58":[0,0],"59":[0,0],"60":[0,0],"61":[0,0],"62":[0,0],"63":[0,0,0,0],"64":[0,0],"65":[0,0],"66":[0,0],"67":[0,0],"68":[0,0],"69":[1,2],"70":[3,1,1,1,1],"71":[0,1]},"_coverageSchema":"1a1c01bbd47fc00a2c39e90264f33305004495a9","hash":"b68449a22ff3703b7e949406a10675058822922f"}
,"/Users/alcipir/Repos/bitcoin-abc/web/cashtab/src/hooks/useWindowDimensions.js": {"path":"/Users/alcipir/Repos/bitcoin-abc/web/cashtab/src/hooks/useWindowDimensions.js","statementMap":{"0":{"start":{"line":7,"column":55},"end":{"line":7,"column":61}},"1":{"start":{"line":8,"column":4},"end":{"line":11,"column":6}},"2":{"start":{"line":15,"column":52},"end":{"line":17,"column":5}},"3":{"start":{"line":19,"column":4},"end":{"line":26,"column":11}},"4":{"start":{"line":21,"column":12},"end":{"line":21,"column":55}},"5":{"start":{"line":24,"column":8},"end":{"line":24,"column":56}},"6":{"start":{"line":25,"column":8},"end":{"line":25,"column":72}},"7":{"start":{"line":25,"column":21},"end":{"line":25,"column":71}},"8":{"start":{"line":28,"column":4},"end":{"line":28,"column":28}}},"fnMap":{"0":{"name":"getWindowDimensions","decl":{"start":{"line":6,"column":9},"end":{"line":6,"column":28}},"loc":{"start":{"line":6,"column":31},"end":{"line":12,"column":1}},"line":6},"1":{"name":"useWindowDimensions","decl":{"start":{"line":14,"column":24},"end":{"line":14,"column":43}},"loc":{"start":{"line":14,"column":46},"end":{"line":29,"column":1}},"line":14},"2":{"name":"(anonymous_2)","decl":{"start":{"line":19,"column":14},"end":{"line":19,"column":15}},"loc":{"start":{"line":19,"column":20},"end":{"line":26,"column":5}},"line":19},"3":{"name":"handleResize","decl":{"start":{"line":20,"column":17},"end":{"line":20,"column":29}},"loc":{"start":{"line":20,"column":32},"end":{"line":22,"column":9}},"line":20},"4":{"name":"(anonymous_4)","decl":{"start":{"line":25,"column":15},"end":{"line":25,"column":16}},"loc":{"start":{"line":25,"column":21},"end":{"line":25,"column":71}},"line":25}},"branchMap":{},"s":{"0":0,"1":0,"2":0,"3":0,"4":0,"5":0,"6":0,"7":0,"8":0},"f":{"0":0,"1":0,"2":0,"3":0,"4":0},"b":{}}
,"/Users/alcipir/Repos/bitcoin-abc/web/cashtab/src/i18n/init.js": {"path":"/Users/alcipir/Repos/bitcoin-abc/web/cashtab/src/i18n/init.js","statementMap":{"0":{"start":{"line":4,"column":22},"end":{"line":6,"column":1}},"1":{"start":{"line":8,"column":0},"end":{"line":15,"column":3}},"2":{"start":{"line":11,"column":32},"end":{"line":11,"column":45}}},"fnMap":{"0":{"name":"(anonymous_0)","decl":{"start":{"line":11,"column":26},"end":{"line":11,"column":27}},"loc":{"start":{"line":11,"column":32},"end":{"line":11,"column":45}},"line":11}},"branchMap":{},"s":{"0":0,"1":0,"2":0},"f":{"0":0},"b":{}}
,"/Users/alcipir/Repos/bitcoin-abc/web/cashtab/src/i18n/locales.js": {"path":"/Users/alcipir/Repos/bitcoin-abc/web/cashtab/src/i18n/locales.js","statementMap":{"0":{"start":{"line":1,"column":0},"end":{"line":14,"column":2}}},"fnMap":{},"branchMap":{},"s":{"0":0},"f":{},"b":{}}
,"/Users/alcipir/Repos/bitcoin-abc/web/cashtab/src/utils/GoogleAnalytics.js": {"path":"/Users/alcipir/Repos/bitcoin-abc/web/cashtab/src/utils/GoogleAnalytics.js","statementMap":{"0":{"start":{"line":9,"column":8},"end":{"line":12,"column":10}},"1":{"start":{"line":18,"column":12},"end":{"line":18,"column":22}},"2":{"start":{"line":19,"column":36},"end":{"line":19,"column":70}},"3":{"start":{"line":20,"column":34},"end":{"line":20,"column":64}},"4":{"start":{"line":22,"column":8},"end":{"line":24,"column":9}},"5":{"start":{"line":23,"column":12},"end":{"line":23,"column":49}},"6":{"start":{"line":28,"column":21},"end":{"line":28,"column":38}},"7":{"start":{"line":29,"column":29},"end":{"line":29,"column":35}},"8":{"start":{"line":30,"column":8},"end":{"line":34,"column":11}},"9":{"start":{"line":35,"column":8},"end":{"line":35,"column":31}},"10":{"start":{"line":39,"column":8},"end":{"line":39,"column":20}},"11":{"start":{"line":43,"column":0},"end":{"line":49,"column":2}},"12":{"start":{"line":51,"column":21},"end":{"line":51,"column":64}},"13":{"start":{"line":51,"column":27},"end":{"line":51,"column":64}},"14":{"start":{"line":53,"column":13},"end":{"line":61,"column":1}},"15":{"start":{"line":54,"column":24},"end":{"line":54,"column":61}},"16":{"start":{"line":56,"column":4},"end":{"line":58,"column":5}},"17":{"start":{"line":57,"column":8},"end":{"line":57,"column":45}},"18":{"start":{"line":60,"column":4},"end":{"line":60,"column":23}},"19":{"start":{"line":63,"column":21},"end":{"line":69,"column":1}},"20":{"start":{"line":64,"column":4},"end":{"line":68,"column":7}},"21":{"start":{"line":71,"column":31},"end":{"line":75,"column":1}}},"fnMap":{"0":{"name":"(anonymous_0)","decl":{"start":{"line":8,"column":4},"end":{"line":8,"column":5}},"loc":{"start":{"line":8,"column":24},"end":{"line":13,"column":5}},"line":8},"1":{"name":"(anonymous_1)","decl":{"start":{"line":15,"column":4},"end":{"line":15,"column":5}},"loc":{"start":{"line":15,"column":51},"end":{"line":25,"column":5}},"line":15},"2":{"name":"(anonymous_2)","decl":{"start":{"line":27,"column":4},"end":{"line":27,"column":5}},"loc":{"start":{"line":27,"column":41},"end":{"line":36,"column":5}},"line":27},"3":{"name":"(anonymous_3)","decl":{"start":{"line":38,"column":4},"end":{"line":38,"column":5}},"loc":{"start":{"line":38,"column":13},"end":{"line":40,"column":5}},"line":38},"4":{"name":"(anonymous_4)","decl":{"start":{"line":51,"column":21},"end":{"line":51,"column":22}},"loc":{"start":{"line":51,"column":27},"end":{"line":51,"column":64}},"line":51},"5":{"name":"(anonymous_5)","decl":{"start":{"line":53,"column":13},"end":{"line":53,"column":14}},"loc":{"start":{"line":53,"column":31},"end":{"line":61,"column":1}},"line":53},"6":{"name":"(anonymous_6)","decl":{"start":{"line":63,"column":21},"end":{"line":63,"column":22}},"loc":{"start":{"line":63,"column":50},"end":{"line":69,"column":1}},"line":63}},"branchMap":{"0":{"loc":{"start":{"line":22,"column":8},"end":{"line":24,"column":9}},"type":"if","locations":[{"start":{"line":22,"column":8},"end":{"line":24,"column":9}},{"start":{"line":22,"column":8},"end":{"line":24,"column":9}}],"line":22},"1":{"loc":{"start":{"line":22,"column":12},"end":{"line":22,"column":52}},"type":"binary-expr","locations":[{"start":{"line":22,"column":12},"end":{"line":22,"column":31}},{"start":{"line":22,"column":35},"end":{"line":22,"column":52}}],"line":22},"2":{"loc":{"start":{"line":27,"column":28},"end":{"line":27,"column":39}},"type":"default-arg","locations":[{"start":{"line":27,"column":37},"end":{"line":27,"column":39}}],"line":27},"3":{"loc":{"start":{"line":53,"column":14},"end":{"line":53,"column":26}},"type":"default-arg","locations":[{"start":{"line":53,"column":24},"end":{"line":53,"column":26}}],"line":53},"4":{"loc":{"start":{"line":56,"column":4},"end":{"line":58,"column":5}},"type":"if","locations":[{"start":{"line":56,"column":4},"end":{"line":58,"column":5}},{"start":{"line":56,"column":4},"end":{"line":58,"column":5}}],"line":56}},"s":{"0":0,"1":0,"2":0,"3":0,"4":0,"5":0,"6":0,"7":0,"8":0,"9":0,"10":0,"11":3,"12":3,"13":0,"14":3,"15":0,"16":0,"17":0,"18":0,"19":3,"20":2,"21":3},"f":{"0":0,"1":0,"2":0,"3":0,"4":0,"5":0,"6":2},"b":{"0":[0,0],"1":[0,0],"2":[0],"3":[0],"4":[0,0]},"_coverageSchema":"1a1c01bbd47fc00a2c39e90264f33305004495a9","hash":"9258e9abd78d36baf4f52ad9b0134e2424e5f102"}
,"/Users/alcipir/Repos/bitcoin-abc/web/cashtab/src/utils/context.js": {"path":"/Users/alcipir/Repos/bitcoin-abc/web/cashtab/src/utils/context.js","statementMap":{"0":{"start":{"line":3,"column":29},"end":{"line":3,"column":50}},"1":{"start":{"line":5,"column":30},"end":{"line":12,"column":1}},"2":{"start":{"line":6,"column":19},"end":{"line":6,"column":30}},"3":{"start":{"line":7,"column":4},"end":{"line":11,"column":6}}},"fnMap":{"0":{"name":"(anonymous_0)","decl":{"start":{"line":5,"column":30},"end":{"line":5,"column":31}},"loc":{"start":{"line":5,"column":48},"end":{"line":12,"column":1}},"line":5}},"branchMap":{},"s":{"0":2,"1":2,"2":0,"3":0},"f":{"0":0},"b":{},"_coverageSchema":"1a1c01bbd47fc00a2c39e90264f33305004495a9","hash":"422ad1a9ef0d083a9d59b5b6d2c0f8d99ae406e4"}
,"/Users/alcipir/Repos/bitcoin-abc/web/cashtab/src/utils/debounce.js": {"path":"/Users/alcipir/Repos/bitcoin-abc/web/cashtab/src/utils/debounce.js","statementMap":{"0":{"start":{"line":4,"column":4},"end":{"line":12,"column":6}},"1":{"start":{"line":5,"column":8},"end":{"line":11,"column":11}},"2":{"start":{"line":6,"column":12},"end":{"line":6,"column":36}},"3":{"start":{"line":7,"column":12},"end":{"line":10,"column":14}},"4":{"start":{"line":8,"column":22},"end":{"line":8,"column":77}}},"fnMap":{"0":{"name":"(anonymous_0)","decl":{"start":{"line":1,"column":15},"end":{"line":1,"column":16}},"loc":{"start":{"line":1,"column":43},"end":{"line":13,"column":1}},"line":1},"1":{"name":"(anonymous_1)","decl":{"start":{"line":4,"column":11},"end":{"line":4,"column":12}},"loc":{"start":{"line":4,"column":24},"end":{"line":12,"column":5}},"line":4},"2":{"name":"(anonymous_2)","decl":{"start":{"line":5,"column":27},"end":{"line":5,"column":28}},"loc":{"start":{"line":5,"column":48},"end":{"line":11,"column":9}},"line":5},"3":{"name":"(anonymous_3)","decl":{"start":{"line":8,"column":16},"end":{"line":8,"column":17}},"loc":{"start":{"line":8,"column":22},"end":{"line":8,"column":77}},"line":8}},"branchMap":{"0":{"loc":{"start":{"line":1,"column":25},"end":{"line":1,"column":38}},"type":"default-arg","locations":[{"start":{"line":1,"column":35},"end":{"line":1,"column":38}}],"line":1}},"s":{"0":0,"1":0,"2":0,"3":0,"4":0},"f":{"0":0,"1":0,"2":0,"3":0},"b":{"0":[0]}}
,"/Users/alcipir/Repos/bitcoin-abc/web/cashtab/src/utils/retry.js": {"path":"/Users/alcipir/Repos/bitcoin-abc/web/cashtab/src/utils/retry.js","statementMap":{"0":{"start":{"line":1,"column":21},"end":{"line":10,"column":1}},"1":{"start":{"line":2,"column":4},"end":{"line":9,"column":5}},"2":{"start":{"line":3,"column":8},"end":{"line":3,"column":45}},"3":{"start":{"line":5,"column":8},"end":{"line":7,"column":9}},"4":{"start":{"line":6,"column":12},"end":{"line":6,"column":24}},"5":{"start":{"line":8,"column":8},"end":{"line":8,"column":73}}},"fnMap":{"0":{"name":"(anonymous_0)","decl":{"start":{"line":1,"column":21},"end":{"line":1,"column":22}},"loc":{"start":{"line":1,"column":70},"end":{"line":10,"column":1}},"line":1}},"branchMap":{"0":{"loc":{"start":{"line":1,"column":34},"end":{"line":1,"column":65}},"type":"default-arg","locations":[{"start":{"line":1,"column":63},"end":{"line":1,"column":65}}],"line":1},"1":{"loc":{"start":{"line":1,"column":36},"end":{"line":1,"column":47}},"type":"default-arg","locations":[{"start":{"line":1,"column":44},"end":{"line":1,"column":47}}],"line":1},"2":{"loc":{"start":{"line":1,"column":49},"end":{"line":1,"column":58}},"type":"default-arg","locations":[{"start":{"line":1,"column":57},"end":{"line":1,"column":58}}],"line":1},"3":{"loc":{"start":{"line":5,"column":8},"end":{"line":7,"column":9}},"type":"if","locations":[{"start":{"line":5,"column":8},"end":{"line":7,"column":9}},{"start":{"line":5,"column":8},"end":{"line":7,"column":9}}],"line":5}},"s":{"0":0,"1":0,"2":0,"3":0,"4":0,"5":0},"f":{"0":0},"b":{"0":[0],"1":[0],"2":[0],"3":[0,0]}}
}
