TN:
SF:src/index.js
FN:20,(anonymous_0)
FN:21,(anonymous_1)
FNF:2
FNH:0
FNDA:0,(anonymous_0)
FNDA:0,(anonymous_1)
DA:9,0
DA:19,0
DA:20,0
DA:21,0
DA:25,0
DA:26,0
LF:6
LH:0
BRDA:12,0,0,0
BRDA:12,0,1,0
BRDA:19,1,0,0
BRDA:19,1,1,0
BRDA:25,2,0,0
BRDA:25,2,1,0
BRF:6
BRH:0
end_of_record
TN:
SF:src/serviceWorker.js
FN:15,(anonymous_0)
FN:16,(anonymous_1)
FN:19,(anonymous_2)
FN:24,(anonymous_3)
FNF:4
FNH:0
FNDA:0,(anonymous_0)
FNDA:0,(anonymous_1)
FNDA:0,(anonymous_2)
FNDA:0,(anonymous_3)
DA:1,0
DA:5,0
DA:6,0
DA:8,0
DA:14,0
DA:16,0
DA:17,0
DA:20,0
DA:21,0
DA:22,0
DA:23,0
DA:24,0
DA:26,0
DA:28,0
DA:29,0
DA:32,0
DA:33,0
DA:35,0
DA:37,0
DA:38,0
DA:39,0
DA:40,0
DA:45,0
DA:48,0
LF:24
LH:0
BRDA:23,0,0,0
BRDA:23,0,1,0
BRDA:32,1,0,0
BRDA:32,1,1,0
BRDA:38,2,0,0
BRDA:38,2,1,0
BRF:6
BRH:0
end_of_record
TN:
SF:src/components/App.js
FN:154,(anonymous_0)
FN:185,(anonymous_1)
FN:208,(anonymous_2)
FN:220,(anonymous_3)
FN:231,(anonymous_4)
FNF:5
FNH:0
FNDA:0,(anonymous_0)
FNDA:0,(anonymous_1)
FNDA:0,(anonymous_2)
FNDA:0,(anonymous_3)
FNDA:0,(anonymous_4)
DA:30,0
DA:32,0
DA:91,0
DA:100,0
DA:118,0
DA:141,0
DA:147,0
DA:154,0
DA:155,0
DA:156,0
DA:157,0
DA:158,0
DA:160,0
DA:162,0
DA:186,0
DA:208,0
DA:220,0
DA:232,0
LF:18
LH:0
BRDA:160,0,0,0
BRDA:160,0,1,0
BRDA:160,1,0,0
BRDA:160,1,1,0
BRDA:198,2,0,0
BRDA:198,2,1,0
BRF:6
BRH:0
end_of_record
TN:
SF:src/components/NotFound.js
FN:4,(anonymous_0)
FNF:1
FNH:1
FNDA:1,(anonymous_0)
DA:4,1
DA:5,1
LF:2
LH:2
BRF:0
BRH:0
end_of_record
TN:
SF:src/components/Common/CustomIcons.js
FN:27,(anonymous_0)
FNF:1
FNH:0
FNDA:0,(anonymous_0)
DA:6,2
DA:13,2
DA:27,2
DA:28,0
LF:4
LH:3
BRF:0
BRH:0
end_of_record
TN:
SF:src/components/Common/EnhancedInputs.js
FN:14,(anonymous_0)
FN:32,(anonymous_1)
FN:40,(anonymous_2)
FN:54,(anonymous_3)
FN:115,(anonymous_4)
FN:138,(anonymous_5)
FN:160,(anonymous_6)
FN:164,(anonymous_7)
FN:171,(anonymous_8)
FN:173,(anonymous_9)
FN:175,(anonymous_10)
FNF:11
FNH:0
FNDA:0,(anonymous_0)
FNDA:0,(anonymous_1)
FNDA:0,(anonymous_2)
FNDA:0,(anonymous_3)
FNDA:0,(anonymous_4)
FNDA:0,(anonymous_5)
FNDA:0,(anonymous_6)
FNDA:0,(anonymous_7)
FNDA:0,(anonymous_8)
FNDA:0,(anonymous_9)
FNDA:0,(anonymous_10)
DA:9,0
DA:15,0
DA:22,0
DA:33,0
DA:40,0
DA:46,0
DA:47,0
DA:54,0
DA:55,0
DA:72,0
DA:81,0
DA:115,0
DA:116,0
DA:138,0
DA:144,0
DA:160,0
DA:161,0
DA:163,0
DA:165,0
DA:166,0
DA:168,0
DA:172,0
DA:174,0
DA:176,0
LF:24
LH:0
BRDA:15,0,0,0
BRDA:15,0,1,0
BRDA:33,1,0,0
BRDA:33,1,1,0
BRDA:89,2,0,0
BRDA:89,2,1,0
BRDA:105,3,0,0
BRDA:105,3,1,0
BRDA:106,4,0,0
BRDA:106,4,1,0
BRDA:106,5,0,0
BRDA:106,5,1,0
BRDA:125,6,0,0
BRDA:125,6,1,0
BRDA:126,7,0,0
BRDA:126,7,1,0
BRDA:126,8,0,0
BRDA:126,8,1,0
BRF:18
BRH:0
end_of_record
TN:
SF:src/components/Common/PrimaryButton.js
FN:57,(anonymous_0)
FN:61,(anonymous_1)
FN:62,(anonymous_2)
FNF:3
FNH:0
FNDA:0,(anonymous_0)
FNDA:0,(anonymous_1)
FNDA:0,(anonymous_2)
DA:3,2
DA:30,2
DA:56,2
DA:58,0
DA:61,0
DA:63,0
LF:6
LH:3
BRDA:57,0,0,0
BRDA:58,1,0,0
BRDA:58,1,1,0
BRDA:61,2,0,0
BRDA:61,3,0,0
BRDA:61,3,1,0
BRDA:62,4,0,0
BRDA:63,5,0,0
BRDA:63,5,1,0
BRF:9
BRH:0
end_of_record
TN:
SF:src/components/Common/QRCode.js
FN:20,(anonymous_0)
FN:35,(anonymous_1)
FN:105,(anonymous_2)
FN:108,(anonymous_3)
FN:118,(anonymous_4)
FN:120,(anonymous_5)
FN:126,(anonymous_6)
FN:140,(anonymous_7)
FNF:8
FNH:8
FNDA:10,(anonymous_0)
FNDA:10,(anonymous_1)
FNDA:10,(anonymous_2)
FNDA:1,(anonymous_3)
FNDA:3,(anonymous_4)
FNDA:1,(anonymous_5)
FNDA:3,(anonymous_6)
FNDA:1,(anonymous_7)
DA:8,2
DA:20,10
DA:29,2
DA:35,10
DA:46,2
DA:105,2
DA:108,1
DA:111,10
DA:112,10
DA:114,10
DA:116,10
DA:118,10
DA:119,3
DA:120,3
DA:121,1
DA:123,3
DA:126,10
DA:129,3
DA:130,3
DA:131,2
DA:132,2
DA:133,1
DA:136,2
DA:139,3
DA:140,3
DA:141,1
DA:145,10
LF:27
LH:27
BRDA:20,0,0,0
BRDA:20,1,0,6
BRDA:20,1,1,4
BRDA:35,2,0,0
BRDA:35,3,0,6
BRDA:35,3,1,4
BRDA:107,4,0,10
BRDA:108,5,0,5
BRDA:114,6,0,8
BRDA:114,6,1,2
BRDA:130,7,0,2
BRDA:130,7,1,1
BRDA:132,8,0,1
BRDA:132,8,1,1
BRDA:157,9,0,6
BRDA:157,9,1,4
BRDA:157,10,0,10
BRDA:157,10,1,8
BRDA:158,11,0,3
BRDA:158,11,1,7
BRDA:165,12,0,10
BRDA:165,12,1,2
BRDA:167,13,0,6
BRDA:167,13,1,4
BRDA:167,14,0,10
BRDA:167,14,1,8
BRDA:172,15,0,6
BRDA:172,15,1,4
BRDA:172,16,0,10
BRDA:172,16,1,8
BRDA:183,17,0,10
BRDA:183,17,1,8
BRDA:194,18,0,6
BRDA:194,18,1,2
BRDA:195,19,0,6
BRDA:195,19,1,2
BRDA:201,20,0,6
BRDA:201,20,1,2
BRDA:204,21,0,6
BRDA:204,21,1,2
BRF:40
BRH:38
end_of_record
TN:
SF:src/components/Common/ScanQRCode.js
FN:27,(anonymous_0)
FN:30,(anonymous_1)
FN:43,(anonymous_2)
FN:52,(anonymous_3)
FN:76,(anonymous_4)
FN:118,(anonymous_5)
FN:135,(anonymous_6)
FN:142,(anonymous_7)
FNF:8
FNH:0
FNDA:0,(anonymous_0)
FNDA:0,(anonymous_1)
FNDA:0,(anonymous_2)
FNDA:0,(anonymous_3)
FNDA:0,(anonymous_4)
FNDA:0,(anonymous_5)
FNDA:0,(anonymous_6)
FNDA:0,(anonymous_7)
DA:9,0
DA:13,0
DA:23,0
DA:27,0
DA:30,0
DA:33,0
DA:34,0
DA:41,0
DA:43,0
DA:44,0
DA:45,0
DA:46,0
DA:47,0
DA:48,0
DA:52,0
DA:53,0
DA:54,0
DA:57,0
DA:61,0
DA:62,0
DA:66,0
DA:67,0
DA:68,0
DA:69,0
DA:71,0
DA:73,0
DA:76,0
DA:77,0
DA:78,0
DA:80,0
DA:83,0
DA:93,0
DA:97,0
DA:100,0
DA:102,0
DA:103,0
DA:104,0
DA:107,0
DA:108,0
DA:109,0
DA:111,0
DA:112,0
DA:118,0
DA:119,0
DA:120,0
DA:122,0
DA:123,0
DA:126,0
DA:131,0
DA:135,0
DA:142,0
LF:51
LH:0
BRDA:30,0,0,0
BRDA:44,1,0,0
BRDA:44,1,1,0
BRDA:57,2,0,0
BRDA:57,2,1,0
BRDA:58,3,0,0
BRDA:58,3,1,0
BRDA:68,4,0,0
BRDA:68,4,1,0
BRDA:100,5,0,0
BRDA:100,5,1,0
BRDA:119,6,0,0
BRDA:119,6,1,0
BRDA:122,7,0,0
BRDA:122,7,1,0
BRDA:145,8,0,0
BRDA:145,8,1,0
BRDA:147,9,0,0
BRDA:147,9,1,0
BRF:19
BRH:0
end_of_record
TN:
SF:src/components/Common/StyledCollapse.js
FNF:0
FNH:0
DA:4,2
LF:1
LH:1
BRF:0
BRH:0
end_of_record
TN:
SF:src/components/Common/StyledOnBoarding.js
FNF:0
FNH:0
DA:3,2
LF:1
LH:1
BRF:0
BRH:0
end_of_record
TN:
SF:src/components/Common/StyledPage.js
FNF:0
FNH:0
DA:3,1
LF:1
LH:1
BRF:0
BRH:0
end_of_record
TN:
SF:src/components/Common/Ticker.js
FNF:0
FNH:0
DA:4,6
LF:1
LH:1
BRF:0
BRH:0
end_of_record
TN:
SF:src/components/Configure/Configure.js
FN:140,(anonymous_0)
FN:170,(anonymous_1)
FN:175,(anonymous_2)
FN:179,(anonymous_3)
FN:184,(anonymous_4)
FN:189,(anonymous_5)
FN:204,(anonymous_6)
FN:210,(anonymous_7)
FN:230,(anonymous_8)
FN:238,submit
FN:259,(anonymous_10)
FN:266,(anonymous_11)
FN:269,(anonymous_12)
FN:299,(anonymous_13)
FN:331,(anonymous_14)
FN:343,(anonymous_15)
FN:362,(anonymous_16)
FN:384,(anonymous_17)
FN:395,(anonymous_18)
FN:417,(anonymous_19)
FN:455,(anonymous_20)
FN:463,(anonymous_21)
FN:470,(anonymous_22)
FN:477,(anonymous_23)
FN:505,(anonymous_24)
FN:510,(anonymous_25)
FN:539,(anonymous_26)
FN:545,(anonymous_27)
FNF:28
FNH:3
FNDA:2,(anonymous_0)
FNDA:0,(anonymous_1)
FNDA:0,(anonymous_2)
FNDA:0,(anonymous_3)
FNDA:0,(anonymous_4)
FNDA:2,(anonymous_5)
FNDA:2,(anonymous_6)
FNDA:0,(anonymous_7)
FNDA:0,(anonymous_8)
FNDA:0,submit
FNDA:0,(anonymous_10)
FNDA:0,(anonymous_11)
FNDA:0,(anonymous_12)
FNDA:0,(anonymous_13)
FNDA:0,(anonymous_14)
FNDA:0,(anonymous_15)
FNDA:0,(anonymous_16)
FNDA:0,(anonymous_17)
FNDA:0,(anonymous_18)
FNDA:0,(anonymous_19)
FNDA:0,(anonymous_20)
FNDA:0,(anonymous_21)
FNDA:0,(anonymous_22)
FNDA:0,(anonymous_23)
FNDA:0,(anonymous_24)
FNDA:0,(anonymous_25)
FNDA:0,(anonymous_26)
FNDA:0,(anonymous_27)
DA:23,1
DA:25,1
DA:38,1
DA:59,1
DA:96,1
DA:123,1
DA:133,1
DA:140,1
DA:141,2
DA:142,2
DA:151,2
DA:152,2
DA:153,2
DA:157,2
DA:158,2
DA:159,2
DA:160,2
DA:161,2
DA:165,2
DA:166,2
DA:167,2
DA:168,2
DA:170,2
DA:171,0
DA:172,0
DA:175,2
DA:176,0
DA:177,0
DA:179,2
DA:181,0
DA:182,0
DA:184,2
DA:185,0
DA:186,0
DA:187,0
DA:189,2
DA:190,2
DA:192,1
DA:193,1
DA:194,0
DA:196,1
DA:197,1
DA:202,2
DA:204,2
DA:206,2
DA:210,2
DA:213,0
DA:214,0
DA:215,0
DA:216,0
DA:221,0
DA:225,0
DA:230,2
DA:233,0
DA:234,0
DA:235,0
DA:239,0
DA:245,0
DA:246,0
DA:250,0
DA:251,0
DA:255,0
DA:256,0
DA:259,2
DA:260,0
DA:264,0
DA:266,0
DA:269,2
DA:270,0
DA:271,0
DA:272,0
DA:275,0
DA:277,0
DA:280,0
DA:285,0
DA:286,0
DA:290,0
DA:294,0
DA:296,0
DA:299,2
DA:300,0
DA:301,0
DA:303,0
DA:307,0
DA:308,0
DA:312,0
DA:314,0
DA:315,0
DA:317,0
DA:318,0
DA:322,0
DA:326,0
DA:328,0
DA:331,2
DA:332,0
DA:334,0
DA:335,0
DA:337,0
DA:340,0
DA:343,2
DA:344,0
DA:346,0
DA:347,0
DA:349,0
DA:351,0
DA:354,2
DA:362,0
DA:384,0
DA:395,0
DA:417,0
DA:456,0
DA:464,0
DA:471,0
DA:478,0
DA:505,0
DA:510,0
DA:539,0
DA:545,0
LF:118
LH:43
BRDA:190,0,0,1
BRDA:190,0,1,1
BRDA:215,1,0,0
BRDA:215,1,1,0
BRDA:245,2,0,0
BRDA:245,2,1,0
BRDA:250,3,0,0
BRDA:250,3,1,0
BRDA:270,4,0,0
BRDA:270,4,1,0
BRDA:270,5,0,0
BRDA:270,5,1,0
BRDA:285,6,0,0
BRDA:285,6,1,0
BRDA:300,7,0,0
BRDA:300,7,1,0
BRDA:303,8,0,0
BRDA:303,8,1,0
BRDA:317,9,0,0
BRDA:317,9,1,0
BRDA:334,10,0,0
BRDA:334,10,1,0
BRDA:334,11,0,0
BRDA:334,11,1,0
BRDA:334,11,2,0
BRDA:346,12,0,0
BRDA:346,12,1,0
BRDA:346,13,0,0
BRDA:346,13,1,0
BRDA:357,14,0,2
BRDA:357,14,1,0
BRDA:367,15,0,0
BRDA:367,15,1,0
BRDA:367,16,0,0
BRDA:367,16,1,0
BRDA:373,17,0,0
BRDA:373,17,1,0
BRDA:373,18,0,0
BRDA:373,18,1,0
BRDA:390,19,0,2
BRDA:390,19,1,0
BRDA:400,20,0,0
BRDA:400,20,1,0
BRDA:400,21,0,0
BRDA:400,21,1,0
BRDA:406,22,0,0
BRDA:406,22,1,0
BRDA:406,23,0,0
BRDA:406,23,1,0
BRDA:433,24,0,2
BRDA:433,24,1,1
BRDA:433,24,2,1
BRDA:437,25,0,1
BRDA:437,25,1,0
BRDA:437,26,0,1
BRDA:437,26,1,1
BRDA:445,27,0,2
BRDA:445,27,1,2
BRDA:445,27,2,0
BRDA:495,28,0,0
BRDA:495,28,1,2
BRDA:514,29,0,2
BRDA:514,29,1,0
BRDA:523,30,0,0
BRDA:523,30,1,0
BRDA:523,31,0,0
BRDA:523,31,1,0
BRDA:529,32,0,0
BRDA:529,32,1,0
BRDA:529,33,0,0
BRDA:529,33,1,0
BRF:71
BRH:14
end_of_record
TN:
SF:src/components/OnBoarding/OnBoarding.js
FN:27,(anonymous_0)
FN:39,submit
FN:54,(anonymous_2)
FN:61,(anonymous_3)
FN:64,showBackupConfirmModal
FN:70,(anonymous_5)
FN:94,(anonymous_6)
FN:98,(anonymous_7)
FN:120,(anonymous_8)
FN:127,(anonymous_9)
FNF:10
FNH:1
FNDA:1,(anonymous_0)
FNDA:0,submit
FNDA:0,(anonymous_2)
FNDA:0,(anonymous_3)
FNDA:0,showBackupConfirmModal
FNDA:0,(anonymous_5)
FNDA:0,(anonymous_6)
FNDA:0,(anonymous_7)
FNDA:0,(anonymous_8)
FNDA:0,(anonymous_9)
DA:19,1
DA:27,1
DA:28,1
DA:29,1
DA:30,1
DA:35,1
DA:36,1
DA:37,1
DA:40,0
DA:45,0
DA:46,0
DA:50,0
DA:51,0
DA:54,1
DA:55,0
DA:59,0
DA:61,0
DA:65,0
DA:73,0
DA:74,0
DA:79,1
DA:94,0
DA:98,0
DA:120,0
DA:127,0
LF:25
LH:10
BRDA:45,0,0,0
BRDA:45,0,1,0
BRDA:101,1,0,1
BRDA:101,1,1,0
BRDA:106,2,0,0
BRDA:106,2,1,0
BRDA:106,3,0,0
BRDA:106,3,1,0
BRDA:111,4,0,0
BRDA:111,4,1,0
BRDA:111,5,0,0
BRDA:111,5,1,0
BRF:12
BRH:1
end_of_record
TN:
SF:src/components/Send/Send.js
FN:66,(anonymous_0)
FN:96,(anonymous_1)
FN:100,(anonymous_2)
FN:105,(anonymous_3)
FN:114,(anonymous_4)
FN:118,(anonymous_5)
FN:146,populateFormsFromUrl
FN:152,submit
FN:238,(anonymous_8)
FN:241,(anonymous_9)
FN:244,(anonymous_10)
FN:247,(anonymous_11)
FN:250,(anonymous_12)
FN:275,(anonymous_13)
FN:278,(anonymous_14)
FN:371,(anonymous_15)
FN:381,(anonymous_16)
FN:398,(anonymous_17)
FN:404,(anonymous_18)
FN:418,(anonymous_19)
FN:424,(anonymous_20)
FNF:21
FNH:0
FNDA:0,(anonymous_0)
FNDA:0,(anonymous_1)
FNDA:0,(anonymous_2)
FNDA:0,(anonymous_3)
FNDA:0,(anonymous_4)
FNDA:0,(anonymous_5)
FNDA:0,populateFormsFromUrl
FNDA:0,submit
FNDA:0,(anonymous_8)
FNDA:0,(anonymous_9)
FNDA:0,(anonymous_10)
FNDA:0,(anonymous_11)
FNDA:0,(anonymous_12)
FNDA:0,(anonymous_13)
FNDA:0,(anonymous_14)
FNDA:0,(anonymous_15)
FNDA:0,(anonymous_16)
FNDA:0,(anonymous_17)
FNDA:0,(anonymous_18)
FNDA:0,(anonymous_19)
FNDA:0,(anonymous_20)
DA:20,0
DA:37,0
DA:48,0
DA:55,0
DA:66,0
DA:73,0
DA:77,0
DA:79,0
DA:81,0
DA:86,0
DA:87,0
DA:88,0
DA:91,0
DA:94,0
DA:96,0
DA:97,0
DA:100,0
DA:101,0
DA:102,0
DA:105,0
DA:106,0
DA:109,0
DA:110,0
DA:114,0
DA:115,0
DA:118,0
DA:122,0
DA:127,0
DA:128,0
DA:131,0
DA:134,0
DA:135,0
DA:136,0
DA:137,0
DA:138,0
DA:139,0
DA:141,0
DA:142,0
DA:143,0
DA:147,0
DA:148,0
DA:153,0
DA:158,0
DA:163,0
DA:169,0
DA:171,0
DA:172,0
DA:175,0
DA:177,0
DA:178,0
DA:181,0
DA:182,0
DA:193,0
DA:207,0
DA:210,0
DA:211,0
DA:212,0
DA:217,0
DA:218,0
DA:224,0
DA:226,0
DA:229,0
DA:234,0
DA:238,0
DA:239,0
DA:241,0
DA:244,0
DA:245,0
DA:247,0
DA:250,0
DA:251,0
DA:252,0
DA:253,0
DA:255,0
DA:256,0
DA:260,0
DA:261,0
DA:262,0
DA:263,0
DA:264,0
DA:265,0
DA:266,0
DA:267,0
DA:268,0
DA:269,0
DA:270,0
DA:273,0
DA:275,0
DA:278,0
DA:280,0
DA:282,0
DA:283,0
DA:284,0
DA:286,0
DA:288,0
DA:292,0
DA:297,0
DA:298,0
DA:299,0
DA:305,0
DA:306,0
DA:307,0
DA:308,0
DA:312,0
DA:318,0
DA:372,0
DA:381,0
DA:398,0
DA:405,0
DA:418,0
DA:424,0
LF:111
LH:0
BRDA:79,0,0,0
BRDA:79,0,1,0
BRDA:79,0,2,0
BRDA:79,1,0,0
BRDA:79,1,1,0
BRDA:84,2,0,0
BRDA:84,2,1,0
BRDA:122,3,0,0
BRDA:122,3,1,0
BRDA:123,4,0,0
BRDA:123,4,1,0
BRDA:123,4,2,0
BRDA:147,5,0,0
BRDA:147,5,1,0
BRDA:147,6,0,0
BRDA:147,6,1,0
BRDA:147,6,2,0
BRDA:158,7,0,0
BRDA:158,7,1,0
BRDA:159,8,0,0
BRDA:159,8,1,0
BRDA:159,8,2,0
BRDA:177,9,0,0
BRDA:177,9,1,0
BRDA:187,10,0,0
BRDA:187,10,1,0
BRDA:210,11,0,0
BRDA:210,11,1,0
BRDA:210,12,0,0
BRDA:210,12,1,0
BRDA:212,13,0,0
BRDA:212,13,1,0
BRDA:218,14,0,0
BRDA:218,14,1,0
BRDA:219,15,0,0
BRDA:219,15,1,0
BRDA:226,16,0,0
BRDA:226,16,1,0
BRDA:226,16,2,0
BRDA:255,17,0,0
BRDA:255,17,1,0
BRDA:260,18,0,0
BRDA:260,18,1,0
BRDA:262,19,0,0
BRDA:262,19,1,0
BRDA:264,20,0,0
BRDA:264,20,1,0
BRDA:266,21,0,0
BRDA:266,21,1,0
BRDA:268,22,0,0
BRDA:268,22,1,0
BRDA:268,23,0,0
BRDA:268,23,1,0
BRDA:269,24,0,0
BRDA:269,24,1,0
BRDA:288,25,0,0
BRDA:288,25,1,0
BRDA:306,26,0,0
BRDA:306,26,1,0
BRDA:306,27,0,0
BRDA:306,27,1,0
BRDA:307,28,0,0
BRDA:307,28,1,0
BRDA:331,29,0,0
BRDA:331,29,1,0
BRDA:345,30,0,0
BRDA:345,30,1,0
BRDA:362,31,0,0
BRDA:362,31,1,0
BRDA:362,32,0,0
BRDA:362,32,1,0
BRDA:367,33,0,0
BRDA:367,33,1,0
BRDA:367,34,0,0
BRDA:367,34,1,0
BRDA:383,35,0,0
BRDA:383,35,1,0
BRDA:388,36,0,0
BRDA:388,36,1,0
BRDA:391,37,0,0
BRDA:391,37,1,0
BRDA:396,38,0,0
BRDA:396,38,1,0
BRDA:410,39,0,0
BRDA:410,39,1,0
BRDA:410,40,0,0
BRDA:410,40,1,0
BRDA:410,40,2,0
BRDA:416,41,0,0
BRDA:416,41,1,0
BRDA:432,42,0,0
BRDA:432,42,1,0
BRF:92
BRH:0
end_of_record
TN:
SF:src/components/Send/SendToken.js
FN:24,(anonymous_0)
FN:28,(anonymous_1)
FN:49,submit
FN:116,(anonymous_3)
FN:141,(anonymous_4)
FN:144,(anonymous_5)
FN:147,(anonymous_6)
FN:150,(anonymous_7)
FN:169,(anonymous_8)
FN:209,(anonymous_9)
FN:218,(anonymous_10)
FN:274,(anonymous_11)
FN:290,(anonymous_12)
FNF:13
FNH:0
FNDA:0,(anonymous_0)
FNDA:0,(anonymous_1)
FNDA:0,submit
FNDA:0,(anonymous_3)
FNDA:0,(anonymous_4)
FNDA:0,(anonymous_5)
FNDA:0,(anonymous_6)
FNDA:0,(anonymous_7)
FNDA:0,(anonymous_8)
FNDA:0,(anonymous_9)
FNDA:0,(anonymous_10)
FNDA:0,(anonymous_11)
FNDA:0,(anonymous_12)
DA:24,0
DA:25,0
DA:28,0
DA:29,0
DA:33,0
DA:35,0
DA:37,0
DA:42,0
DA:44,0
DA:45,0
DA:50,0
DA:55,0
DA:61,0
DA:67,0
DA:69,0
DA:70,0
DA:72,0
DA:73,0
DA:79,0
DA:92,0
DA:95,0
DA:96,0
DA:97,0
DA:102,0
DA:104,0
DA:106,0
DA:107,0
DA:112,0
DA:116,0
DA:117,0
DA:118,0
DA:121,0
DA:122,0
DA:123,0
DA:125,0
DA:129,0
DA:130,0
DA:131,0
DA:132,0
DA:133,0
DA:134,0
DA:135,0
DA:136,0
DA:137,0
DA:140,0
DA:141,0
DA:144,0
DA:145,0
DA:147,0
DA:150,0
DA:152,0
DA:153,0
DA:154,0
DA:156,0
DA:161,0
DA:162,0
DA:163,0
DA:169,0
DA:173,0
DA:176,0
DA:210,0
DA:218,0
DA:275,0
DA:290,0
LF:64
LH:0
BRDA:35,0,0,0
BRDA:35,0,1,0
BRDA:35,0,2,0
BRDA:35,1,0,0
BRDA:35,1,1,0
BRDA:55,2,0,0
BRDA:55,2,1,0
BRDA:56,3,0,0
BRDA:56,3,1,0
BRDA:56,3,2,0
BRDA:56,3,3,0
BRDA:95,4,0,0
BRDA:95,4,1,0
BRDA:95,5,0,0
BRDA:95,5,1,0
BRDA:97,6,0,0
BRDA:97,6,1,0
BRDA:104,7,0,0
BRDA:104,7,1,0
BRDA:104,7,2,0
BRDA:122,8,0,0
BRDA:122,8,1,0
BRDA:129,9,0,0
BRDA:129,9,1,0
BRDA:131,10,0,0
BRDA:131,10,1,0
BRDA:133,11,0,0
BRDA:133,11,1,0
BRDA:133,12,0,0
BRDA:133,12,1,0
BRDA:133,12,2,0
BRDA:135,13,0,0
BRDA:135,13,1,0
BRDA:135,14,0,0
BRDA:135,14,1,0
BRDA:136,15,0,0
BRDA:136,15,1,0
BRDA:178,16,0,0
BRDA:178,16,1,0
BRDA:180,17,0,0
BRDA:180,17,1,0
BRDA:200,18,0,0
BRDA:200,18,1,0
BRDA:200,19,0,0
BRDA:200,19,1,0
BRDA:205,20,0,0
BRDA:205,20,1,0
BRDA:205,21,0,0
BRDA:205,21,1,0
BRDA:225,22,0,0
BRDA:225,22,1,0
BRDA:228,23,0,0
BRDA:228,23,1,0
BRDA:237,24,0,0
BRDA:237,24,1,0
BRDA:281,25,0,0
BRDA:281,25,1,0
BRDA:281,26,0,0
BRDA:281,26,1,0
BRDA:286,27,0,0
BRDA:286,27,1,0
BRDA:296,28,0,0
BRDA:296,28,1,0
BRF:63
BRH:0
end_of_record
TN:
SF:src/components/Wallet/TokenList.js
FN:6,(anonymous_0)
FN:10,(anonymous_1)
FNF:2
FNH:2
FNDA:1,(anonymous_0)
FNDA:1,(anonymous_1)
DA:6,1
DA:7,1
DA:11,1
LF:3
LH:3
BRF:0
BRH:0
end_of_record
TN:
SF:src/components/Wallet/TokenListItem.js
FN:33,(anonymous_0)
FNF:1
FNH:1
FNDA:1,(anonymous_0)
DA:7,1
DA:12,1
DA:16,1
DA:33,1
DA:34,1
LF:5
LH:5
BRDA:37,0,0,0
BRDA:37,0,1,1
BRF:2
BRH:1
end_of_record
TN:
SF:src/components/Wallet/Wallet.js
FN:146,(anonymous_0)
FN:161,(anonymous_1)
FN:233,(anonymous_2)
FN:241,(anonymous_3)
FN:264,(anonymous_4)
FNF:5
FNH:2
FNDA:3,(anonymous_0)
FNDA:0,(anonymous_1)
FNDA:0,(anonymous_2)
FNDA:0,(anonymous_3)
FNDA:4,(anonymous_4)
DA:12,1
DA:27,1
DA:37,1
DA:48,1
DA:55,1
DA:72,1
DA:93,1
DA:119,1
DA:146,1
DA:147,3
DA:148,3
DA:149,3
DA:152,3
DA:161,3
DA:162,0
DA:165,3
DA:233,0
DA:241,0
DA:264,1
DA:265,4
DA:266,4
DA:268,4
LF:22
LH:19
BRDA:152,0,0,3
BRDA:152,0,1,0
BRDA:152,0,2,0
BRDA:152,0,3,0
BRDA:152,0,4,3
BRDA:152,0,5,0
BRDA:152,0,6,0
BRDA:152,0,7,0
BRDA:162,1,0,0
BRDA:162,1,1,0
BRDA:167,2,0,1
BRDA:167,2,1,2
BRDA:167,3,0,3
BRDA:167,3,1,1
BRDA:167,3,2,1
BRDA:188,4,0,2
BRDA:188,4,1,2
BRDA:188,4,2,2
BRDA:196,5,0,3
BRDA:196,5,1,0
BRDA:206,6,0,3
BRDA:206,6,1,3
BRDA:206,6,2,3
BRDA:206,6,3,0
BRDA:206,6,4,3
BRDA:209,7,0,3
BRDA:209,7,1,0
BRDA:213,8,0,0
BRDA:213,8,1,3
BRDA:222,9,0,0
BRDA:222,9,1,0
BRDA:235,10,0,0
BRDA:235,10,1,3
BRDA:243,11,0,3
BRDA:243,11,1,0
BRDA:249,12,0,2
BRDA:249,12,1,1
BRDA:270,13,0,4
BRDA:270,13,1,0
BRDA:275,14,0,4
BRDA:275,14,1,4
BRDA:275,14,2,3
BRDA:276,15,0,4
BRDA:276,15,1,4
BRDA:276,15,2,3
BRDA:276,15,3,2
BRDA:276,15,4,1
BRDA:279,16,0,1
BRDA:279,16,1,3
BRDA:279,17,0,4
BRDA:279,17,1,4
BRF:51
BRH:34
end_of_record
TN:
SF:src/hooks/useAsyncTimeout.js
FN:3,(anonymous_0)
FN:6,(anonymous_1)
FN:10,(anonymous_2)
FN:12,(anonymous_3)
FN:16,(anonymous_4)
FN:26,(anonymous_5)
FNF:6
FNH:5
FNDA:16,(anonymous_0)
FNDA:16,(anonymous_1)
FNDA:4,(anonymous_2)
FNDA:4,(anonymous_3)
FNDA:4,(anonymous_4)
FNDA:0,(anonymous_5)
DA:3,3
DA:4,16
DA:6,16
DA:7,16
DA:10,16
DA:11,4
DA:12,4
DA:13,4
DA:15,4
DA:16,4
DA:17,4
DA:20,0
DA:24,4
DA:25,0
DA:26,0
DA:28,4
DA:29,4
LF:17
LH:14
BRDA:15,0,0,4
BRDA:15,0,1,0
BRDA:24,1,0,0
BRDA:24,1,1,4
BRF:4
BRH:2
end_of_record
TN:
SF:src/hooks/useBCH.js
FN:5,useBCH
FN:15,(anonymous_1)
FN:24,(anonymous_2)
FN:48,(anonymous_3)
FN:63,(anonymous_4)
FN:90,(anonymous_5)
FN:104,(anonymous_6)
FN:109,(anonymous_7)
FN:113,(anonymous_8)
FN:204,(anonymous_9)
FN:218,(anonymous_10)
FN:231,(anonymous_11)
FN:237,(anonymous_12)
FN:369,(anonymous_13)
FN:408,(anonymous_14)
FN:423,(anonymous_15)
FN:537,(anonymous_16)
FNF:17
FNH:11
FNDA:9,useBCH
FNDA:2,(anonymous_1)
FNDA:0,(anonymous_2)
FNDA:1,(anonymous_3)
FNDA:1,(anonymous_4)
FNDA:3,(anonymous_5)
FNDA:3,(anonymous_6)
FNDA:3,(anonymous_7)
FNDA:2,(anonymous_8)
FNDA:8,(anonymous_9)
FNDA:0,(anonymous_10)
FNDA:0,(anonymous_11)
FNDA:0,(anonymous_12)
FNDA:0,(anonymous_13)
FNDA:8,(anonymous_14)
FNDA:7,(anonymous_15)
FNDA:0,(anonymous_16)
DA:6,9
DA:7,9
DA:15,9
DA:17,2
DA:20,2
DA:21,2
DA:24,9
DA:26,0
DA:29,0
DA:32,0
DA:33,0
DA:36,0
DA:39,0
DA:40,0
DA:41,0
DA:48,9
DA:50,1
DA:53,1
DA:56,1
DA:58,0
DA:59,0
DA:63,9
DA:66,1
DA:67,1
DA:70,0
DA:73,0
DA:75,1
DA:76,1
DA:77,2
DA:78,2
DA:79,3
DA:80,3
DA:81,3
DA:90,3
DA:92,1
DA:93,0
DA:96,0
DA:103,1
DA:105,3
DA:109,3
DA:111,1
DA:113,1
DA:114,2
DA:116,2
DA:119,0
DA:120,0
DA:126,0
DA:127,0
DA:177,2
DA:178,2
DA:179,2
DA:180,2
DA:181,2
DA:183,0
DA:185,2
DA:186,2
DA:188,0
DA:191,2
DA:195,1
DA:197,1
DA:204,9
DA:210,8
DA:214,8
DA:215,8
DA:218,9
DA:225,0
DA:226,0
DA:230,0
DA:232,0
DA:235,0
DA:236,0
DA:238,0
DA:243,0
DA:245,0
DA:249,0
DA:250,0
DA:259,0
DA:260,0
DA:261,0
DA:263,0
DA:264,0
DA:269,0
DA:270,0
DA:272,0
DA:273,0
DA:274,0
DA:277,0
DA:281,0
DA:282,0
DA:283,0
DA:287,0
DA:292,0
DA:295,0
DA:298,0
DA:304,0
DA:306,0
DA:307,0
DA:314,0
DA:325,0
DA:333,0
DA:334,0
DA:335,0
DA:340,0
DA:341,0
DA:347,0
DA:355,0
DA:364,0
DA:365,0
DA:366,0
DA:367,0
DA:369,0
DA:373,0
DA:383,0
DA:386,0
DA:391,0
DA:392,0
DA:393,0
DA:397,0
DA:398,0
DA:400,0
DA:405,0
DA:408,9
DA:417,8
DA:418,8
DA:419,1
DA:422,7
DA:423,7
DA:426,7
DA:427,7
DA:431,7
DA:432,7
DA:433,0
DA:435,7
DA:436,7
DA:437,7
DA:438,7
DA:439,7
DA:440,7
DA:441,7
DA:442,7
DA:444,7
DA:446,7
DA:447,7
DA:451,7
DA:452,6
DA:457,7
DA:460,7
DA:461,1
DA:462,1
DA:463,1
DA:466,6
DA:467,0
DA:471,6
DA:472,6
DA:473,6
DA:479,6
DA:480,6
DA:484,6
DA:485,6
DA:486,6
DA:496,6
DA:498,6
DA:501,6
DA:503,2
DA:504,2
DA:508,2
DA:509,1
DA:511,2
DA:512,2
DA:514,0
DA:518,2
DA:520,5
DA:521,0
DA:522,5
DA:523,0
DA:524,5
DA:525,0
DA:526,5
DA:530,0
DA:532,5
DA:533,5
DA:537,9
DA:540,0
DA:543,0
DA:546,9
LF:185
LH:100
BRDA:15,0,0,0
BRDA:17,1,0,1
BRDA:17,1,1,1
BRDA:32,2,0,0
BRDA:32,2,1,0
BRDA:32,3,0,0
BRDA:32,3,1,0
BRDA:92,4,0,0
BRDA:92,4,1,1
BRDA:105,5,0,3
BRDA:105,5,1,1
BRDA:105,5,2,1
BRDA:116,6,0,0
BRDA:116,6,1,2
BRDA:119,7,0,0
BRDA:119,7,1,0
BRDA:126,8,0,0
BRDA:126,8,1,0
BRDA:126,9,0,0
BRDA:126,9,1,0
BRDA:180,10,0,2
BRDA:180,10,1,0
BRDA:185,11,0,2
BRDA:185,11,1,0
BRDA:207,12,0,1
BRDA:208,13,0,8
BRDA:225,14,0,0
BRDA:225,14,1,0
BRDA:232,15,0,0
BRDA:232,15,1,0
BRDA:238,16,0,0
BRDA:238,16,1,0
BRDA:239,17,0,0
BRDA:239,17,1,0
BRDA:239,17,2,0
BRDA:249,18,0,0
BRDA:249,18,1,0
BRDA:259,19,0,0
BRDA:259,19,1,0
BRDA:282,20,0,0
BRDA:282,20,1,0
BRDA:304,21,0,0
BRDA:304,21,1,0
BRDA:306,22,0,0
BRDA:306,22,1,0
BRDA:334,23,0,0
BRDA:334,23,1,0
BRDA:340,24,0,0
BRDA:340,24,1,0
BRDA:392,25,0,0
BRDA:392,25,1,0
BRDA:392,26,0,0
BRDA:392,26,1,0
BRDA:397,27,0,0
BRDA:397,27,1,0
BRDA:418,28,0,1
BRDA:418,28,1,7
BRDA:418,29,0,8
BRDA:418,29,1,7
BRDA:431,30,0,7
BRDA:431,30,1,0
BRDA:447,31,0,0
BRDA:447,31,1,7
BRDA:451,32,0,6
BRDA:451,32,1,1
BRDA:460,33,0,1
BRDA:460,33,1,6
BRDA:466,34,0,0
BRDA:466,34,1,6
BRDA:479,35,0,6
BRDA:479,35,1,0
BRDA:503,36,0,2
BRDA:503,36,1,0
BRDA:503,37,0,2
BRDA:503,37,1,2
BRDA:508,38,0,1
BRDA:508,38,1,1
BRDA:511,39,0,2
BRDA:511,39,1,0
BRDA:520,40,0,0
BRDA:520,40,1,5
BRDA:522,41,0,0
BRDA:522,41,1,5
BRDA:524,42,0,0
BRDA:524,42,1,5
BRDA:526,43,0,0
BRDA:526,43,1,5
BRDA:537,44,0,0
BRF:88
BRH:33
end_of_record
TN:
SF:src/hooks/useImage.js
FN:1,(anonymous_0)
FN:2,(anonymous_1)
FN:3,(anonymous_2)
FN:5,(anonymous_3)
FN:6,(anonymous_4)
FN:11,(anonymous_5)
FN:24,(anonymous_6)
FN:26,(anonymous_7)
FN:41,(anonymous_8)
FN:43,(anonymous_9)
FN:51,(anonymous_10)
FN:62,(anonymous_11)
FN:84,(anonymous_12)
FN:86,(anonymous_13)
FN:100,(anonymous_14)
FN:102,(anonymous_15)
FN:110,(anonymous_16)
FN:120,(anonymous_17)
FN:124,(anonymous_18)
FN:163,(anonymous_19)
FN:165,(anonymous_20)
FN:179,(anonymous_21)
FN:181,(anonymous_22)
FN:189,(anonymous_23)
FNF:24
FNH:0
FNDA:0,(anonymous_0)
FNDA:0,(anonymous_1)
FNDA:0,(anonymous_2)
FNDA:0,(anonymous_3)
FNDA:0,(anonymous_4)
FNDA:0,(anonymous_5)
FNDA:0,(anonymous_6)
FNDA:0,(anonymous_7)
FNDA:0,(anonymous_8)
FNDA:0,(anonymous_9)
FNDA:0,(anonymous_10)
FNDA:0,(anonymous_11)
FNDA:0,(anonymous_12)
FNDA:0,(anonymous_13)
FNDA:0,(anonymous_14)
FNDA:0,(anonymous_15)
FNDA:0,(anonymous_16)
FNDA:0,(anonymous_17)
FNDA:0,(anonymous_18)
FNDA:0,(anonymous_19)
FNDA:0,(anonymous_20)
FNDA:0,(anonymous_21)
FNDA:0,(anonymous_22)
FNDA:0,(anonymous_23)
DA:1,0
DA:2,0
DA:3,0
DA:4,0
DA:5,0
DA:6,0
DA:7,0
DA:8,0
DA:11,0
DA:12,0
DA:14,0
DA:15,0
DA:16,0
DA:17,0
DA:18,0
DA:19,0
DA:21,0
DA:22,0
DA:23,0
DA:25,0
DA:26,0
DA:27,0
DA:28,0
DA:29,0
DA:30,0
DA:31,0
DA:33,0
DA:41,0
DA:42,0
DA:44,0
DA:47,0
DA:49,0
DA:51,0
DA:52,0
DA:54,0
DA:62,0
DA:63,0
DA:64,0
DA:65,0
DA:66,0
DA:67,0
DA:68,0
DA:70,0
DA:71,0
DA:72,0
DA:73,0
DA:80,0
DA:81,0
DA:82,0
DA:83,0
DA:85,0
DA:86,0
DA:87,0
DA:88,0
DA:89,0
DA:90,0
DA:91,0
DA:93,0
DA:100,0
DA:101,0
DA:103,0
DA:106,0
DA:108,0
DA:110,0
DA:111,0
DA:120,0
DA:121,0
DA:124,0
DA:130,0
DA:131,0
DA:132,0
DA:133,0
DA:135,0
DA:136,0
DA:138,0
DA:139,0
DA:141,0
DA:142,0
DA:143,0
DA:145,0
DA:150,0
DA:152,0
DA:153,0
DA:155,0
DA:161,0
DA:162,0
DA:164,0
DA:165,0
DA:166,0
DA:167,0
DA:168,0
DA:169,0
DA:170,0
DA:172,0
DA:179,0
DA:180,0
DA:182,0
DA:185,0
DA:187,0
DA:189,0
DA:190,0
DA:199,0
LF:102
LH:0
BRDA:22,0,0,0
BRDA:22,0,1,0
BRDA:34,1,0,0
BRDA:34,1,1,0
BRDA:82,2,0,0
BRDA:82,2,1,0
BRDA:94,3,0,0
BRDA:94,3,1,0
BRDA:127,4,0,0
BRDA:161,5,0,0
BRDA:161,5,1,0
BRDA:173,6,0,0
BRDA:173,6,1,0
BRF:13
BRH:0
end_of_record
TN:
SF:src/hooks/useInnerScroll.js
FN:3,(anonymous_0)
FN:4,(anonymous_1)
FN:6,(anonymous_2)
FNF:3
FNH:0
FNDA:0,(anonymous_0)
FNDA:0,(anonymous_1)
FNDA:0,(anonymous_2)
DA:3,0
DA:4,0
DA:5,0
DA:6,0
LF:4
LH:0
BRF:0
BRH:0
end_of_record
TN:
SF:src/hooks/useInterval.js
FN:3,(anonymous_0)
FN:6,(anonymous_1)
FN:10,(anonymous_2)
FN:11,tick
FN:16,(anonymous_4)
FNF:5
FNH:0
FNDA:0,(anonymous_0)
FNDA:0,(anonymous_1)
FNDA:0,(anonymous_2)
FNDA:0,tick
FNDA:0,(anonymous_4)
DA:3,0
DA:4,0
DA:6,0
DA:7,0
DA:10,0
DA:12,0
DA:15,0
DA:16,0
LF:8
LH:0
BRF:0
BRH:0
end_of_record
TN:
SF:src/hooks/usePrevious.js
FN:3,(anonymous_0)
FN:9,(anonymous_1)
FNF:2
FNH:2
FNDA:32,(anonymous_0)
FNDA:9,(anonymous_1)
DA:3,3
DA:6,32
DA:9,32
DA:10,9
DA:14,32
LF:5
LH:5
BRF:0
BRH:0
end_of_record
TN:
SF:src/hooks/useWallet.js
FN:14,(anonymous_0)
FN:37,(anonymous_1)
FN:70,(anonymous_2)
FN:72,(anonymous_3)
FN:74,(anonymous_4)
FN:82,(anonymous_5)
FN:84,(anonymous_6)
FN:93,(anonymous_7)
FN:107,(anonymous_8)
FN:144,(anonymous_9)
FN:228,(anonymous_10)
FN:252,(anonymous_11)
FN:302,(anonymous_12)
FN:335,(anonymous_13)
FN:379,(anonymous_14)
FN:404,(anonymous_15)
FN:515,(anonymous_16)
FN:555,(anonymous_17)
FN:601,(anonymous_18)
FN:655,(anonymous_19)
FN:685,(anonymous_20)
FN:705,(anonymous_21)
FN:753,(anonymous_22)
FN:755,(anonymous_23)
FN:762,(anonymous_24)
FN:774,(anonymous_25)
FN:843,(anonymous_26)
FN:848,(anonymous_27)
FN:853,(anonymous_28)
FN:858,(anonymous_29)
FN:923,(anonymous_30)
FN:1009,(anonymous_31)
FN:1030,(anonymous_32)
FN:1036,(anonymous_33)
FN:1055,(anonymous_34)
FN:1132,(anonymous_35)
FN:1160,(anonymous_36)
FN:1165,(anonymous_37)
FN:1198,(anonymous_38)
FN:1204,(anonymous_39)
FN:1211,(anonymous_40)
FN:1213,(anonymous_41)
FN:1220,(anonymous_42)
FNF:43
FNH:15
FNDA:8,(anonymous_0)
FNDA:1,(anonymous_1)
FNDA:0,(anonymous_2)
FNDA:0,(anonymous_3)
FNDA:0,(anonymous_4)
FNDA:0,(anonymous_5)
FNDA:0,(anonymous_6)
FNDA:2,(anonymous_7)
FNDA:0,(anonymous_8)
FNDA:2,(anonymous_9)
FNDA:4,(anonymous_10)
FNDA:4,(anonymous_11)
FNDA:2,(anonymous_12)
FNDA:2,(anonymous_13)
FNDA:0,(anonymous_14)
FNDA:0,(anonymous_15)
FNDA:0,(anonymous_16)
FNDA:0,(anonymous_17)
FNDA:0,(anonymous_18)
FNDA:0,(anonymous_19)
FNDA:0,(anonymous_20)
FNDA:2,(anonymous_21)
FNDA:0,(anonymous_22)
FNDA:0,(anonymous_23)
FNDA:0,(anonymous_24)
FNDA:0,(anonymous_25)
FNDA:2,(anonymous_26)
FNDA:2,(anonymous_27)
FNDA:2,(anonymous_28)
FNDA:0,(anonymous_29)
FNDA:0,(anonymous_30)
FNDA:0,(anonymous_31)
FNDA:0,(anonymous_32)
FNDA:0,(anonymous_33)
FNDA:0,(anonymous_34)
FNDA:4,(anonymous_35)
FNDA:2,(anonymous_36)
FNDA:3,(anonymous_37)
FNDA:0,(anonymous_38)
FNDA:0,(anonymous_39)
FNDA:0,(anonymous_40)
FNDA:0,(anonymous_41)
FNDA:0,(anonymous_42)
DA:14,3
DA:15,8
DA:16,8
DA:17,8
DA:18,8
DA:19,8
DA:25,8
DA:26,8
DA:27,8
DA:28,8
DA:29,8
DA:30,8
DA:31,8
DA:32,8
DA:33,8
DA:34,8
DA:37,8
DA:38,1
DA:40,1
DA:42,1
DA:44,1
DA:45,1
DA:47,1
DA:48,0
DA:51,0
DA:52,1
DA:53,1
DA:54,1
DA:59,0
DA:60,0
DA:63,1
DA:64,1
DA:65,1
DA:70,8
DA:71,0
DA:72,0
DA:73,0
DA:74,0
DA:76,0
DA:79,0
DA:82,8
DA:83,0
DA:84,0
DA:87,0
DA:93,8
DA:94,2
DA:95,2
DA:96,2
DA:98,2
DA:107,8
DA:113,0
DA:115,0
DA:118,0
DA:123,0
DA:126,0
DA:127,0
DA:131,0
DA:134,0
DA:136,0
DA:140,0
DA:144,8
DA:147,2
DA:148,2
DA:149,1
DA:151,1
DA:157,1
DA:161,0
DA:164,0
DA:166,0
DA:168,0
DA:171,0
DA:174,0
DA:177,0
DA:181,0
DA:185,0
DA:187,0
DA:188,0
DA:189,0
DA:190,0
DA:192,0
DA:194,0
DA:200,0
DA:205,0
DA:207,0
DA:209,0
DA:211,0
DA:214,0
DA:216,1
DA:217,1
DA:219,1
DA:222,1
DA:223,1
DA:228,8
DA:230,4
DA:231,4
DA:233,0
DA:234,0
DA:236,4
DA:252,8
DA:255,4
DA:256,4
DA:263,4
DA:264,0
DA:265,0
DA:268,4
DA:269,2
DA:270,2
DA:273,2
DA:275,2
DA:276,0
DA:277,0
DA:278,0
DA:282,0
DA:293,4
DA:294,2
DA:295,2
DA:297,2
DA:299,4
DA:302,8
DA:303,2
DA:304,2
DA:305,2
DA:306,2
DA:307,2
DA:311,2
DA:312,1
DA:314,1
DA:316,2
DA:321,2
DA:323,2
DA:324,2
DA:326,0
DA:329,0
DA:332,2
DA:335,8
DA:336,2
DA:337,2
DA:340,0
DA:341,0
DA:342,0
DA:345,0
DA:346,0
DA:348,0
DA:351,0
DA:355,0
DA:359,0
DA:364,0
DA:366,0
DA:367,0
DA:370,0
DA:379,8
DA:381,0
DA:382,0
DA:383,0
DA:384,0
DA:387,0
DA:388,0
DA:389,0
DA:392,0
DA:393,0
DA:398,0
DA:401,0
DA:404,8
DA:412,0
DA:413,0
DA:415,0
DA:418,0
DA:422,0
DA:423,0
DA:425,0
DA:428,0
DA:446,0
DA:447,0
DA:448,0
DA:449,0
DA:450,0
DA:452,0
DA:454,0
DA:457,0
DA:458,0
DA:464,0
DA:466,0
DA:468,0
DA:470,0
DA:476,0
DA:477,0
DA:478,0
DA:480,0
DA:482,0
DA:484,0
DA:491,0
DA:493,0
DA:494,0
DA:497,0
DA:498,0
DA:502,0
DA:503,0
DA:505,0
DA:508,0
DA:512,0
DA:515,8
DA:518,0
DA:519,0
DA:521,0
DA:524,0
DA:525,0
DA:528,0
DA:529,0
DA:531,0
DA:536,0
DA:537,0
DA:539,0
DA:543,0
DA:545,0
DA:547,0
DA:550,0
DA:552,0
DA:555,8
DA:561,0
DA:562,0
DA:564,0
DA:567,0
DA:568,0
DA:572,0
DA:573,0
DA:574,0
DA:576,0
DA:578,0
DA:579,0
DA:584,0
DA:585,0
DA:589,0
DA:591,0
DA:593,0
DA:596,0
DA:598,0
DA:601,8
DA:603,0
DA:605,0
DA:608,0
DA:613,0
DA:614,0
DA:616,0
DA:617,0
DA:620,0
DA:623,0
DA:624,0
DA:627,0
DA:628,0
DA:630,0
DA:632,0
DA:635,0
DA:636,0
DA:641,0
DA:643,0
DA:644,0
DA:646,0
DA:649,0
DA:650,0
DA:652,0
DA:655,8
DA:656,0
DA:658,0
DA:661,0
DA:665,0
DA:666,0
DA:668,0
DA:671,0
DA:674,0
DA:675,0
DA:677,0
DA:680,0
DA:682,0
DA:685,8
DA:691,0
DA:692,0
DA:694,0
DA:695,0
DA:697,0
DA:700,0
DA:701,0
DA:705,8
DA:706,2
DA:707,2
DA:712,8
DA:722,0
DA:738,8
DA:751,0
DA:753,0
DA:754,0
DA:755,0
DA:761,0
DA:762,0
DA:766,0
DA:773,0
DA:774,0
DA:780,0
DA:784,0
DA:786,0
DA:790,0
DA:791,0
DA:806,0
DA:807,0
DA:812,0
DA:813,0
DA:818,0
DA:820,0
DA:824,0
DA:825,0
DA:827,0
DA:843,8
DA:844,2
DA:848,8
DA:849,2
DA:850,2
DA:854,2
DA:858,8
DA:868,0
DA:872,0
DA:874,0
DA:877,0
DA:881,0
DA:882,0
DA:883,0
DA:885,0
DA:891,0
DA:894,0
DA:900,0
DA:905,0
DA:911,0
DA:913,0
DA:919,0
DA:923,0
DA:926,0
DA:927,0
DA:929,0
DA:932,0
DA:938,0
DA:940,0
DA:941,0
DA:947,0
DA:951,0
DA:953,0
DA:954,0
DA:956,0
DA:959,0
DA:960,0
DA:983,0
DA:984,0
DA:996,0
DA:999,0
DA:1000,0
DA:1001,0
DA:1002,0
DA:1007,0
DA:1009,0
DA:1010,0
DA:1013,0
DA:1020,0
DA:1022,0
DA:1028,0
DA:1030,0
DA:1032,0
DA:1033,0
DA:1034,0
DA:1036,0
DA:1037,0
DA:1040,0
DA:1046,0
DA:1047,0
DA:1053,0
DA:1055,0
DA:1058,0
DA:1059,0
DA:1061,0
DA:1064,0
DA:1070,0
DA:1072,0
DA:1073,0
DA:1079,0
DA:1083,0
DA:1085,0
DA:1086,0
DA:1088,0
DA:1091,0
DA:1092,0
DA:1115,0
DA:1116,0
DA:1128,0
DA:1132,8
DA:1134,4
DA:1136,4
DA:1138,4
DA:1141,4
DA:1142,4
DA:1145,0
DA:1146,0
DA:1148,0
DA:1149,0
DA:1151,0
DA:1153,0
DA:1155,0
DA:1156,0
DA:1160,8
DA:1161,2
DA:1162,2
DA:1165,8
DA:1166,3
DA:1173,1
DA:1174,0
DA:1182,8
DA:1199,0
DA:1205,0
DA:1206,0
DA:1207,0
DA:1208,0
DA:1211,0
DA:1214,0
DA:1215,0
DA:1216,0
DA:1217,0
DA:1220,0
LF:422
LH:115
BRDA:47,0,0,0
BRDA:47,0,1,1
BRDA:52,1,0,1
BRDA:52,1,1,0
BRDA:113,2,0,0
BRDA:113,2,1,0
BRDA:118,3,0,0
BRDA:118,3,1,0
BRDA:119,4,0,0
BRDA:119,4,1,0
BRDA:126,5,0,0
BRDA:126,5,1,0
BRDA:126,6,0,0
BRDA:126,6,1,0
BRDA:134,7,0,0
BRDA:134,7,1,0
BRDA:148,8,0,1
BRDA:148,8,1,1
BRDA:161,9,0,0
BRDA:161,9,1,0
BRDA:161,10,0,0
BRDA:161,10,1,0
BRDA:161,10,2,0
BRDA:161,10,3,0
BRDA:171,11,0,0
BRDA:171,11,1,0
BRDA:188,12,0,0
BRDA:188,12,1,0
BRDA:263,13,0,0
BRDA:263,13,1,4
BRDA:263,14,0,4
BRDA:263,14,1,2
BRDA:268,15,0,2
BRDA:268,15,1,2
BRDA:275,16,0,0
BRDA:275,16,1,2
BRDA:293,17,0,2
BRDA:293,17,1,2
BRDA:293,18,0,4
BRDA:293,18,1,2
BRDA:311,19,0,1
BRDA:311,19,1,1
BRDA:336,20,0,2
BRDA:336,20,1,0
BRDA:345,21,0,0
BRDA:345,21,1,0
BRDA:366,22,0,0
BRDA:366,22,1,0
BRDA:366,23,0,0
BRDA:366,23,1,0
BRDA:383,24,0,0
BRDA:383,24,1,0
BRDA:393,25,0,0
BRDA:393,25,1,0
BRDA:394,26,0,0
BRDA:394,26,1,0
BRDA:394,26,2,0
BRDA:449,27,0,0
BRDA:449,27,1,0
BRDA:452,28,0,0
BRDA:452,28,1,0
BRDA:464,29,0,0
BRDA:464,29,1,0
BRDA:476,30,0,0
BRDA:476,30,1,0
BRDA:491,31,0,0
BRDA:491,31,1,0
BRDA:529,32,0,0
BRDA:529,32,1,0
BRDA:537,33,0,0
BRDA:537,33,1,0
BRDA:574,34,0,0
BRDA:574,34,1,0
BRDA:576,35,0,0
BRDA:576,35,1,0
BRDA:584,36,0,0
BRDA:584,36,1,0
BRDA:605,37,0,0
BRDA:605,37,1,0
BRDA:616,38,0,0
BRDA:616,38,1,0
BRDA:627,39,0,0
BRDA:627,39,1,0
BRDA:630,40,0,0
BRDA:630,40,1,0
BRDA:658,41,0,0
BRDA:658,41,1,0
BRDA:687,42,0,0
BRDA:694,43,0,0
BRDA:694,43,1,0
BRDA:712,44,0,0
BRDA:712,44,1,8
BRDA:713,45,0,8
BRDA:713,45,1,0
BRDA:713,45,2,8
BRDA:713,45,3,6
BRDA:713,45,4,6
BRDA:713,45,5,0
BRDA:713,45,6,0
BRDA:738,46,0,0
BRDA:738,46,1,8
BRDA:739,47,0,8
BRDA:739,47,1,8
BRDA:739,47,2,0
BRDA:739,47,3,0
BRDA:739,47,4,0
BRDA:739,47,5,0
BRDA:751,48,0,0
BRDA:751,48,1,0
BRDA:790,49,0,0
BRDA:790,49,1,0
BRDA:807,50,0,0
BRDA:807,50,1,0
BRDA:812,51,0,0
BRDA:812,51,1,0
BRDA:868,52,0,0
BRDA:868,52,1,0
BRDA:868,53,0,0
BRDA:868,53,1,0
BRDA:877,54,0,0
BRDA:877,54,1,0
BRDA:932,55,0,0
BRDA:932,55,1,0
BRDA:933,56,0,0
BRDA:933,56,1,0
BRDA:933,56,2,0
BRDA:933,56,3,0
BRDA:941,57,0,0
BRDA:941,57,1,0
BRDA:942,58,0,0
BRDA:942,58,1,0
BRDA:954,59,0,0
BRDA:954,59,1,0
BRDA:959,60,0,0
BRDA:959,60,1,0
BRDA:983,61,0,0
BRDA:983,61,1,0
BRDA:1064,62,0,0
BRDA:1064,62,1,0
BRDA:1065,63,0,0
BRDA:1065,63,1,0
BRDA:1065,63,2,0
BRDA:1065,63,3,0
BRDA:1073,64,0,0
BRDA:1073,64,1,0
BRDA:1074,65,0,0
BRDA:1074,65,1,0
BRDA:1086,66,0,0
BRDA:1086,66,1,0
BRDA:1091,67,0,0
BRDA:1091,67,1,0
BRDA:1115,68,0,0
BRDA:1115,68,1,0
BRDA:1166,69,0,1
BRDA:1166,69,1,2
BRDA:1167,70,0,3
BRDA:1167,70,1,1
BRDA:1167,70,2,1
BRDA:1167,70,3,1
BRDA:1167,70,4,1
BRDA:1173,71,0,0
BRDA:1173,71,1,1
BRF:162
BRH:33
end_of_record
TN:
SF:src/hooks/useWindowDimensions.js
FN:6,getWindowDimensions
FN:14,useWindowDimensions
FN:19,(anonymous_2)
FN:20,handleResize
FN:25,(anonymous_4)
FNF:5
FNH:0
FNDA:0,getWindowDimensions
FNDA:0,useWindowDimensions
FNDA:0,(anonymous_2)
FNDA:0,handleResize
FNDA:0,(anonymous_4)
DA:7,0
DA:8,0
DA:15,0
DA:19,0
DA:21,0
DA:24,0
DA:25,0
DA:28,0
LF:8
LH:0
BRF:0
BRH:0
end_of_record
TN:
SF:src/i18n/init.js
FN:11,(anonymous_0)
FNF:1
FNH:0
FNDA:0,(anonymous_0)
DA:4,0
DA:8,0
DA:11,0
LF:3
LH:0
BRF:0
BRH:0
end_of_record
TN:
SF:src/i18n/locales.js
FNF:0
FNH:0
DA:1,0
LF:1
LH:0
BRF:0
BRH:0
end_of_record
TN:
SF:src/utils/GoogleAnalytics.js
FN:8,(anonymous_0)
FN:15,(anonymous_1)
FN:27,(anonymous_2)
FN:38,(anonymous_3)
FN:51,(anonymous_4)
FN:53,(anonymous_5)
FN:63,(anonymous_6)
FNF:7
FNH:1
FNDA:0,(anonymous_0)
FNDA:0,(anonymous_1)
FNDA:0,(anonymous_2)
FNDA:0,(anonymous_3)
FNDA:0,(anonymous_4)
FNDA:0,(anonymous_5)
FNDA:2,(anonymous_6)
DA:9,0
DA:18,0
DA:19,0
DA:20,0
DA:22,0
DA:23,0
DA:28,0
DA:29,0
DA:30,0
DA:35,0
DA:39,0
DA:43,3
DA:51,3
DA:53,3
DA:54,0
DA:56,0
DA:57,0
DA:60,0
DA:63,3
DA:64,2
DA:71,3
LF:21
LH:6
BRDA:22,0,0,0
BRDA:22,0,1,0
BRDA:22,1,0,0
BRDA:22,1,1,0
BRDA:27,2,0,0
BRDA:53,3,0,0
BRDA:56,4,0,0
BRDA:56,4,1,0
BRF:8
BRH:0
end_of_record
TN:
SF:src/utils/context.js
FN:5,(anonymous_0)
FNF:1
FNH:0
FNDA:0,(anonymous_0)
DA:3,2
DA:5,2
DA:6,0
DA:7,0
LF:4
LH:2
BRF:0
BRH:0
end_of_record
TN:
SF:src/utils/debounce.js
FN:1,(anonymous_0)
FN:4,(anonymous_1)
FN:5,(anonymous_2)
FN:8,(anonymous_3)
FNF:4
FNH:0
FNDA:0,(anonymous_0)
FNDA:0,(anonymous_1)
FNDA:0,(anonymous_2)
FNDA:0,(anonymous_3)
DA:4,0
DA:5,0
DA:6,0
DA:7,0
DA:8,0
LF:5
LH:0
BRDA:1,0,0,0
BRF:1
BRH:0
end_of_record
TN:
SF:src/utils/retry.js
FN:1,(anonymous_0)
FNF:1
FNH:0
FNDA:0,(anonymous_0)
DA:1,0
DA:2,0
DA:3,0
DA:5,0
DA:6,0
DA:8,0
LF:6
LH:0
BRDA:1,0,0,0
BRDA:1,1,0,0
BRDA:1,2,0,0
BRDA:5,3,0,0
BRDA:5,3,1,0
BRF:5
BRH:0
end_of_record
